2019-04-09 11:52:42,618 INFO 5944 [egg-schedule]: register schedule E:\GitHub\egg-2.x-\node_modules\_egg-logrotator@3.0.7@egg-logrotator\app\schedule\clean_log.js
2019-04-09 11:52:42,618 INFO 5944 [egg-schedule]: register schedule E:\GitHub\egg-2.x-\node_modules\_egg-logrotator@3.0.7@egg-logrotator\app\schedule\rotate_by_file.js
2019-04-09 11:52:42,724 INFO 8008 [Timer] E:\GitHub\egg-2.x-\node_modules\_egg-logrotator@3.0.7@egg-logrotator\app\schedule\clean_log.js next time will execute after 43637278ms at 2019-04-10 00:00:00.002
2019-04-09 11:52:42,725 INFO 8008 [Timer] E:\GitHub\egg-2.x-\node_modules\_egg-logrotator@3.0.7@egg-logrotator\app\schedule\rotate_by_file.js next time will execute after 43638276ms at 2019-04-10 00:00:01.001
2019-04-09 11:57:25,223 INFO 8648 [egg-schedule]: register schedule E:\GitHub\egg-2.x-\node_modules\_egg-logrotator@3.0.7@egg-logrotator\app\schedule\clean_log.js
2019-04-09 11:57:25,223 INFO 8648 [egg-schedule]: register schedule E:\GitHub\egg-2.x-\node_modules\_egg-logrotator@3.0.7@egg-logrotator\app\schedule\rotate_by_file.js
2019-04-09 11:57:26,220 INFO 8512 [egg-schedule]: register schedule E:\GitHub\egg-2.x-\node_modules\_egg-logrotator@3.0.7@egg-logrotator\app\schedule\clean_log.js
2019-04-09 11:57:26,220 INFO 8512 [egg-schedule]: register schedule E:\GitHub\egg-2.x-\node_modules\_egg-logrotator@3.0.7@egg-logrotator\app\schedule\rotate_by_file.js
2019-04-09 14:04:14,760 INFO 9316 [egg-schedule]: register schedule E:\GitHub\egg-2.x-\node_modules\_egg-logrotator@3.0.7@egg-logrotator\app\schedule\clean_log.js
2019-04-09 14:04:14,760 INFO 9316 [egg-schedule]: register schedule E:\GitHub\egg-2.x-\node_modules\_egg-logrotator@3.0.7@egg-logrotator\app\schedule\rotate_by_file.js
2019-04-09 14:04:15,761 INFO 6024 [egg-schedule]: register schedule E:\GitHub\egg-2.x-\node_modules\_egg-logrotator@3.0.7@egg-logrotator\app\schedule\clean_log.js
2019-04-09 14:04:15,761 INFO 6024 [egg-schedule]: register schedule E:\GitHub\egg-2.x-\node_modules\_egg-logrotator@3.0.7@egg-logrotator\app\schedule\rotate_by_file.js
2019-04-09 14:04:43,672 INFO 10148 [egg-schedule]: register schedule E:\GitHub\egg-2.x-\node_modules\_egg-logrotator@3.0.7@egg-logrotator\app\schedule\clean_log.js
2019-04-09 14:04:43,672 INFO 10148 [egg-schedule]: register schedule E:\GitHub\egg-2.x-\node_modules\_egg-logrotator@3.0.7@egg-logrotator\app\schedule\rotate_by_file.js
2019-04-09 14:05:26,806 INFO 2220 [egg-schedule]: register schedule E:\GitHub\egg-2.x-\node_modules\_egg-logrotator@3.0.7@egg-logrotator\app\schedule\clean_log.js
2019-04-09 14:05:26,806 INFO 2220 [egg-schedule]: register schedule E:\GitHub\egg-2.x-\node_modules\_egg-logrotator@3.0.7@egg-logrotator\app\schedule\rotate_by_file.js
2019-04-09 14:05:27,820 INFO 6120 [egg-schedule]: register schedule E:\GitHub\egg-2.x-\node_modules\_egg-logrotator@3.0.7@egg-logrotator\app\schedule\clean_log.js
2019-04-09 14:05:27,820 INFO 6120 [egg-schedule]: register schedule E:\GitHub\egg-2.x-\node_modules\_egg-logrotator@3.0.7@egg-logrotator\app\schedule\rotate_by_file.js
2019-04-09 14:08:04,008 INFO 5716 [egg-schedule]: register schedule E:\GitHub\egg-2.x-\node_modules\_egg-logrotator@3.0.7@egg-logrotator\app\schedule\clean_log.js
2019-04-09 14:08:04,008 INFO 5716 [egg-schedule]: register schedule E:\GitHub\egg-2.x-\node_modules\_egg-logrotator@3.0.7@egg-logrotator\app\schedule\rotate_by_file.js
2019-04-09 14:08:05,278 INFO 7616 [egg-schedule]: register schedule E:\GitHub\egg-2.x-\node_modules\_egg-logrotator@3.0.7@egg-logrotator\app\schedule\clean_log.js
2019-04-09 14:08:05,278 INFO 7616 [egg-schedule]: register schedule E:\GitHub\egg-2.x-\node_modules\_egg-logrotator@3.0.7@egg-logrotator\app\schedule\rotate_by_file.js
2019-04-09 14:11:04,623 INFO 7328 [egg-schedule]: register schedule E:\GitHub\egg-2.x-\node_modules\_egg-logrotator@3.0.7@egg-logrotator\app\schedule\clean_log.js
2019-04-09 14:11:04,623 INFO 7328 [egg-schedule]: register schedule E:\GitHub\egg-2.x-\node_modules\_egg-logrotator@3.0.7@egg-logrotator\app\schedule\rotate_by_file.js
2019-04-09 14:11:05,642 INFO 5768 [egg-schedule]: register schedule E:\GitHub\egg-2.x-\node_modules\_egg-logrotator@3.0.7@egg-logrotator\app\schedule\clean_log.js
2019-04-09 14:11:05,642 INFO 5768 [egg-schedule]: register schedule E:\GitHub\egg-2.x-\node_modules\_egg-logrotator@3.0.7@egg-logrotator\app\schedule\rotate_by_file.js
2019-04-09 14:12:57,108 INFO 5200 [egg-schedule]: register schedule E:\GitHub\egg-2.x-\node_modules\_egg-logrotator@3.0.7@egg-logrotator\app\schedule\clean_log.js
2019-04-09 14:12:57,108 INFO 5200 [egg-schedule]: register schedule E:\GitHub\egg-2.x-\node_modules\_egg-logrotator@3.0.7@egg-logrotator\app\schedule\rotate_by_file.js
2019-04-09 14:12:58,165 INFO 5464 [egg-schedule]: register schedule E:\GitHub\egg-2.x-\node_modules\_egg-logrotator@3.0.7@egg-logrotator\app\schedule\clean_log.js
2019-04-09 14:12:58,165 INFO 5464 [egg-schedule]: register schedule E:\GitHub\egg-2.x-\node_modules\_egg-logrotator@3.0.7@egg-logrotator\app\schedule\rotate_by_file.js
2019-04-09 14:13:35,253 INFO 8704 [Timer] E:\GitHub\egg-2.x-\node_modules\_egg-logrotator@3.0.7@egg-logrotator\app\schedule\clean_log.js next time will execute after 35184749ms at 2019-04-10 00:00:00.002
2019-04-09 14:13:35,253 INFO 8704 [Timer] E:\GitHub\egg-2.x-\node_modules\_egg-logrotator@3.0.7@egg-logrotator\app\schedule\rotate_by_file.js next time will execute after 35185747ms at 2019-04-10 00:00:01.000
2019-04-09 14:13:35,140 INFO 3780 [egg-schedule]: register schedule E:\GitHub\egg-2.x-\node_modules\_egg-logrotator@3.0.7@egg-logrotator\app\schedule\clean_log.js
2019-04-09 14:13:35,140 INFO 3780 [egg-schedule]: register schedule E:\GitHub\egg-2.x-\node_modules\_egg-logrotator@3.0.7@egg-logrotator\app\schedule\rotate_by_file.js
2019-04-09 14:14:27,728 INFO 10028 [egg-schedule]: register schedule E:\GitHub\egg-2.x-\node_modules\_egg-logrotator@3.0.7@egg-logrotator\app\schedule\clean_log.js
2019-04-09 14:14:27,728 INFO 10028 [egg-schedule]: register schedule E:\GitHub\egg-2.x-\node_modules\_egg-logrotator@3.0.7@egg-logrotator\app\schedule\rotate_by_file.js
2019-04-09 14:14:28,800 INFO 10132 [egg-schedule]: register schedule E:\GitHub\egg-2.x-\node_modules\_egg-logrotator@3.0.7@egg-logrotator\app\schedule\clean_log.js
2019-04-09 14:14:28,800 INFO 10132 [egg-schedule]: register schedule E:\GitHub\egg-2.x-\node_modules\_egg-logrotator@3.0.7@egg-logrotator\app\schedule\rotate_by_file.js
2019-04-09 14:14:48,042 INFO 10208 [Timer] E:\GitHub\egg-2.x-\node_modules\_egg-logrotator@3.0.7@egg-logrotator\app\schedule\clean_log.js next time will execute after 35111960ms at 2019-04-10 00:00:00.002
2019-04-09 14:14:48,043 INFO 10208 [Timer] E:\GitHub\egg-2.x-\node_modules\_egg-logrotator@3.0.7@egg-logrotator\app\schedule\rotate_by_file.js next time will execute after 35112958ms at 2019-04-10 00:00:01.001
2019-04-09 14:15:02,027 INFO 9416 [Timer] E:\GitHub\egg-2.x-\node_modules\_egg-logrotator@3.0.7@egg-logrotator\app\schedule\clean_log.js next time will execute after 35097974ms at 2019-04-10 00:00:00.001
2019-04-09 14:15:02,028 INFO 9416 [Timer] E:\GitHub\egg-2.x-\node_modules\_egg-logrotator@3.0.7@egg-logrotator\app\schedule\rotate_by_file.js next time will execute after 35098973ms at 2019-04-10 00:00:01.001
2019-04-09 14:15:01,916 INFO 7328 [egg-schedule]: register schedule E:\GitHub\egg-2.x-\node_modules\_egg-logrotator@3.0.7@egg-logrotator\app\schedule\clean_log.js
2019-04-09 14:15:01,916 INFO 7328 [egg-schedule]: register schedule E:\GitHub\egg-2.x-\node_modules\_egg-logrotator@3.0.7@egg-logrotator\app\schedule\rotate_by_file.js
2019-04-09 14:16:23,382 INFO 7116 [egg-schedule]: register schedule E:\GitHub\egg-2.x-\node_modules\_egg-logrotator@3.0.7@egg-logrotator\app\schedule\clean_log.js
2019-04-09 14:16:23,382 INFO 7116 [egg-schedule]: register schedule E:\GitHub\egg-2.x-\node_modules\_egg-logrotator@3.0.7@egg-logrotator\app\schedule\rotate_by_file.js
2019-04-09 14:16:24,439 INFO 8160 [egg-schedule]: register schedule E:\GitHub\egg-2.x-\node_modules\_egg-logrotator@3.0.7@egg-logrotator\app\schedule\clean_log.js
2019-04-09 14:16:24,439 INFO 8160 [egg-schedule]: register schedule E:\GitHub\egg-2.x-\node_modules\_egg-logrotator@3.0.7@egg-logrotator\app\schedule\rotate_by_file.js
2019-04-09 14:16:33,772 INFO 1236 [Timer] E:\GitHub\egg-2.x-\node_modules\_egg-logrotator@3.0.7@egg-logrotator\app\schedule\clean_log.js next time will execute after 35006230ms at 2019-04-10 00:00:00.002
2019-04-09 14:16:33,773 INFO 1236 [Timer] E:\GitHub\egg-2.x-\node_modules\_egg-logrotator@3.0.7@egg-logrotator\app\schedule\rotate_by_file.js next time will execute after 35007228ms at 2019-04-10 00:00:01.001
2019-04-09 14:16:42,002 INFO 9800 [Timer] E:\GitHub\egg-2.x-\node_modules\_egg-logrotator@3.0.7@egg-logrotator\app\schedule\clean_log.js next time will execute after 34998000ms at 2019-04-10 00:00:00.002
2019-04-09 14:16:42,002 INFO 9800 [Timer] E:\GitHub\egg-2.x-\node_modules\_egg-logrotator@3.0.7@egg-logrotator\app\schedule\rotate_by_file.js next time will execute after 34998998ms at 2019-04-10 00:00:01.000
2019-04-09 14:16:41,893 INFO 5540 [egg-schedule]: register schedule E:\GitHub\egg-2.x-\node_modules\_egg-logrotator@3.0.7@egg-logrotator\app\schedule\clean_log.js
2019-04-09 14:16:41,893 INFO 5540 [egg-schedule]: register schedule E:\GitHub\egg-2.x-\node_modules\_egg-logrotator@3.0.7@egg-logrotator\app\schedule\rotate_by_file.js
2019-04-09 14:17:06,901 INFO 4048 [egg-schedule]: register schedule E:\GitHub\egg-2.x-\node_modules\_egg-logrotator@3.0.7@egg-logrotator\app\schedule\clean_log.js
2019-04-09 14:17:06,901 INFO 4048 [egg-schedule]: register schedule E:\GitHub\egg-2.x-\node_modules\_egg-logrotator@3.0.7@egg-logrotator\app\schedule\rotate_by_file.js
2019-04-09 14:17:07,969 INFO 8512 [egg-schedule]: register schedule E:\GitHub\egg-2.x-\node_modules\_egg-logrotator@3.0.7@egg-logrotator\app\schedule\clean_log.js
2019-04-09 14:17:07,969 INFO 8512 [egg-schedule]: register schedule E:\GitHub\egg-2.x-\node_modules\_egg-logrotator@3.0.7@egg-logrotator\app\schedule\rotate_by_file.js
2019-04-09 14:17:19,529 INFO 6280 [Timer] E:\GitHub\egg-2.x-\node_modules\_egg-logrotator@3.0.7@egg-logrotator\app\schedule\clean_log.js next time will execute after 34960473ms at 2019-04-10 00:00:00.002
2019-04-09 14:17:19,529 INFO 6280 [Timer] E:\GitHub\egg-2.x-\node_modules\_egg-logrotator@3.0.7@egg-logrotator\app\schedule\rotate_by_file.js next time will execute after 34961471ms at 2019-04-10 00:00:01.000
2019-04-09 14:17:19,418 INFO 9504 [egg-schedule]: register schedule E:\GitHub\egg-2.x-\node_modules\_egg-logrotator@3.0.7@egg-logrotator\app\schedule\clean_log.js
2019-04-09 14:17:19,418 INFO 9504 [egg-schedule]: register schedule E:\GitHub\egg-2.x-\node_modules\_egg-logrotator@3.0.7@egg-logrotator\app\schedule\rotate_by_file.js
2019-04-09 14:18:31,239 INFO 5148 [egg-schedule]: register schedule E:\GitHub\egg-2.x-\node_modules\_egg-logrotator@3.0.7@egg-logrotator\app\schedule\clean_log.js
2019-04-09 14:18:31,240 INFO 5148 [egg-schedule]: register schedule E:\GitHub\egg-2.x-\node_modules\_egg-logrotator@3.0.7@egg-logrotator\app\schedule\rotate_by_file.js
2019-04-09 14:18:32,305 INFO 5996 [egg-schedule]: register schedule E:\GitHub\egg-2.x-\node_modules\_egg-logrotator@3.0.7@egg-logrotator\app\schedule\clean_log.js
2019-04-09 14:18:32,305 INFO 5996 [egg-schedule]: register schedule E:\GitHub\egg-2.x-\node_modules\_egg-logrotator@3.0.7@egg-logrotator\app\schedule\rotate_by_file.js
2019-04-09 14:18:39,252 INFO 8752 [egg-schedule]: register schedule E:\GitHub\egg-2.x-\node_modules\_egg-logrotator@3.0.7@egg-logrotator\app\schedule\clean_log.js
2019-04-09 14:18:39,252 INFO 8752 [egg-schedule]: register schedule E:\GitHub\egg-2.x-\node_modules\_egg-logrotator@3.0.7@egg-logrotator\app\schedule\rotate_by_file.js
2019-04-09 14:18:53,663 INFO 5856 [Timer] E:\GitHub\egg-2.x-\node_modules\_egg-logrotator@3.0.7@egg-logrotator\app\schedule\clean_log.js next time will execute after 34866339ms at 2019-04-10 00:00:00.002
2019-04-09 14:18:53,663 INFO 5856 [Timer] E:\GitHub\egg-2.x-\node_modules\_egg-logrotator@3.0.7@egg-logrotator\app\schedule\rotate_by_file.js next time will execute after 34867337ms at 2019-04-10 00:00:01.000
2019-04-09 14:18:53,553 INFO 3672 [egg-schedule]: register schedule E:\GitHub\egg-2.x-\node_modules\_egg-logrotator@3.0.7@egg-logrotator\app\schedule\clean_log.js
2019-04-09 14:18:53,553 INFO 3672 [egg-schedule]: register schedule E:\GitHub\egg-2.x-\node_modules\_egg-logrotator@3.0.7@egg-logrotator\app\schedule\rotate_by_file.js
2019-04-09 14:33:01,207 INFO 716 [egg-schedule]: register schedule E:\GitHub\egg-2.x-\node_modules\_egg-logrotator@3.0.7@egg-logrotator\app\schedule\clean_log.js
2019-04-09 14:33:01,207 INFO 716 [egg-schedule]: register schedule E:\GitHub\egg-2.x-\node_modules\_egg-logrotator@3.0.7@egg-logrotator\app\schedule\rotate_by_file.js
2019-04-09 14:33:02,236 INFO 7748 [egg-schedule]: register schedule E:\GitHub\egg-2.x-\node_modules\_egg-logrotator@3.0.7@egg-logrotator\app\schedule\clean_log.js
2019-04-09 14:33:02,236 INFO 7748 [egg-schedule]: register schedule E:\GitHub\egg-2.x-\node_modules\_egg-logrotator@3.0.7@egg-logrotator\app\schedule\rotate_by_file.js
2019-04-09 14:36:32,783 INFO 84 [egg-schedule]: register schedule E:\GitHub\egg-2.x-\node_modules\_egg-logrotator@3.0.7@egg-logrotator\app\schedule\clean_log.js
2019-04-09 14:36:32,783 INFO 84 [egg-schedule]: register schedule E:\GitHub\egg-2.x-\node_modules\_egg-logrotator@3.0.7@egg-logrotator\app\schedule\rotate_by_file.js
2019-04-09 14:36:33,794 INFO 9280 [egg-schedule]: register schedule E:\GitHub\egg-2.x-\node_modules\_egg-logrotator@3.0.7@egg-logrotator\app\schedule\clean_log.js
2019-04-09 14:36:33,794 INFO 9280 [egg-schedule]: register schedule E:\GitHub\egg-2.x-\node_modules\_egg-logrotator@3.0.7@egg-logrotator\app\schedule\rotate_by_file.js
2019-04-09 14:36:39,638 INFO 9704 [egg-schedule]: register schedule E:\GitHub\egg-2.x-\node_modules\_egg-logrotator@3.0.7@egg-logrotator\app\schedule\clean_log.js
2019-04-09 14:36:39,638 INFO 9704 [egg-schedule]: register schedule E:\GitHub\egg-2.x-\node_modules\_egg-logrotator@3.0.7@egg-logrotator\app\schedule\rotate_by_file.js
2019-04-09 14:36:40,660 INFO 7976 [egg-schedule]: register schedule E:\GitHub\egg-2.x-\node_modules\_egg-logrotator@3.0.7@egg-logrotator\app\schedule\clean_log.js
2019-04-09 14:36:40,660 INFO 7976 [egg-schedule]: register schedule E:\GitHub\egg-2.x-\node_modules\_egg-logrotator@3.0.7@egg-logrotator\app\schedule\rotate_by_file.js
2019-04-09 14:37:30,897 INFO 5704 [egg-schedule]: register schedule E:\GitHub\egg-2.x-\node_modules\_egg-logrotator@3.0.7@egg-logrotator\app\schedule\clean_log.js
2019-04-09 14:37:30,897 INFO 5704 [egg-schedule]: register schedule E:\GitHub\egg-2.x-\node_modules\_egg-logrotator@3.0.7@egg-logrotator\app\schedule\rotate_by_file.js
2019-04-09 15:12:05,676 INFO 1964 [egg-schedule]: register schedule E:\GitHub\egg-2.x-\node_modules\_egg-logrotator@3.0.7@egg-logrotator\app\schedule\clean_log.js
2019-04-09 15:12:05,676 INFO 1964 [egg-schedule]: register schedule E:\GitHub\egg-2.x-\node_modules\_egg-logrotator@3.0.7@egg-logrotator\app\schedule\rotate_by_file.js
2019-04-09 15:12:40,234 INFO 4316 [egg-schedule]: register schedule E:\GitHub\egg-2.x-\node_modules\_egg-logrotator@3.0.7@egg-logrotator\app\schedule\clean_log.js
2019-04-09 15:12:40,234 INFO 4316 [egg-schedule]: register schedule E:\GitHub\egg-2.x-\node_modules\_egg-logrotator@3.0.7@egg-logrotator\app\schedule\rotate_by_file.js
2019-04-09 15:12:41,249 INFO 5328 [egg-schedule]: register schedule E:\GitHub\egg-2.x-\node_modules\_egg-logrotator@3.0.7@egg-logrotator\app\schedule\clean_log.js
2019-04-09 15:12:41,249 INFO 5328 [egg-schedule]: register schedule E:\GitHub\egg-2.x-\node_modules\_egg-logrotator@3.0.7@egg-logrotator\app\schedule\rotate_by_file.js
2019-04-09 15:12:49,182 INFO 2332 [egg-schedule]: register schedule E:\GitHub\egg-2.x-\node_modules\_egg-logrotator@3.0.7@egg-logrotator\app\schedule\clean_log.js
2019-04-09 15:12:49,182 INFO 2332 [egg-schedule]: register schedule E:\GitHub\egg-2.x-\node_modules\_egg-logrotator@3.0.7@egg-logrotator\app\schedule\rotate_by_file.js
2019-04-09 15:12:50,218 INFO 5200 [egg-schedule]: register schedule E:\GitHub\egg-2.x-\node_modules\_egg-logrotator@3.0.7@egg-logrotator\app\schedule\clean_log.js
2019-04-09 15:12:50,218 INFO 5200 [egg-schedule]: register schedule E:\GitHub\egg-2.x-\node_modules\_egg-logrotator@3.0.7@egg-logrotator\app\schedule\rotate_by_file.js
2019-04-09 15:13:38,498 INFO 4256 [egg-schedule]: register schedule E:\GitHub\egg-2.x-\node_modules\_egg-logrotator@3.0.7@egg-logrotator\app\schedule\clean_log.js
2019-04-09 15:13:38,498 INFO 4256 [egg-schedule]: register schedule E:\GitHub\egg-2.x-\node_modules\_egg-logrotator@3.0.7@egg-logrotator\app\schedule\rotate_by_file.js
2019-04-09 15:13:52,025 INFO 5328 [egg-schedule]: register schedule E:\GitHub\egg-2.x-\node_modules\_egg-logrotator@3.0.7@egg-logrotator\app\schedule\clean_log.js
2019-04-09 15:13:52,025 INFO 5328 [egg-schedule]: register schedule E:\GitHub\egg-2.x-\node_modules\_egg-logrotator@3.0.7@egg-logrotator\app\schedule\rotate_by_file.js
2019-04-09 15:14:10,496 INFO 7468 [egg-schedule]: register schedule E:\GitHub\egg-2.x-\node_modules\_egg-logrotator@3.0.7@egg-logrotator\app\schedule\clean_log.js
2019-04-09 15:14:10,496 INFO 7468 [egg-schedule]: register schedule E:\GitHub\egg-2.x-\node_modules\_egg-logrotator@3.0.7@egg-logrotator\app\schedule\rotate_by_file.js
2019-04-09 15:14:11,510 INFO 8752 [egg-schedule]: register schedule E:\GitHub\egg-2.x-\node_modules\_egg-logrotator@3.0.7@egg-logrotator\app\schedule\clean_log.js
2019-04-09 15:14:11,510 INFO 8752 [egg-schedule]: register schedule E:\GitHub\egg-2.x-\node_modules\_egg-logrotator@3.0.7@egg-logrotator\app\schedule\rotate_by_file.js
2019-04-09 15:22:47,766 INFO 3276 [egg-schedule]: register schedule E:\GitHub\egg-2.x-\node_modules\_egg-logrotator@3.0.7@egg-logrotator\app\schedule\clean_log.js
2019-04-09 15:22:47,766 INFO 3276 [egg-schedule]: register schedule E:\GitHub\egg-2.x-\node_modules\_egg-logrotator@3.0.7@egg-logrotator\app\schedule\rotate_by_file.js
2019-04-09 15:22:48,806 INFO 1004 [egg-schedule]: register schedule E:\GitHub\egg-2.x-\node_modules\_egg-logrotator@3.0.7@egg-logrotator\app\schedule\clean_log.js
2019-04-09 15:22:48,807 INFO 1004 [egg-schedule]: register schedule E:\GitHub\egg-2.x-\node_modules\_egg-logrotator@3.0.7@egg-logrotator\app\schedule\rotate_by_file.js
2019-04-09 15:32:11,314 INFO 11012 [egg-schedule]: register schedule E:\GitHub\egg-2.x-\node_modules\_egg-logrotator@3.0.7@egg-logrotator\app\schedule\clean_log.js
2019-04-09 15:32:11,314 INFO 11012 [egg-schedule]: register schedule E:\GitHub\egg-2.x-\node_modules\_egg-logrotator@3.0.7@egg-logrotator\app\schedule\rotate_by_file.js
2019-04-09 15:32:12,401 INFO 11196 [egg-schedule]: register schedule E:\GitHub\egg-2.x-\node_modules\_egg-logrotator@3.0.7@egg-logrotator\app\schedule\clean_log.js
2019-04-09 15:32:12,401 INFO 11196 [egg-schedule]: register schedule E:\GitHub\egg-2.x-\node_modules\_egg-logrotator@3.0.7@egg-logrotator\app\schedule\rotate_by_file.js
2019-04-09 15:32:15,517 INFO 1964 [egg-schedule]: register schedule E:\GitHub\egg-2.x-\node_modules\_egg-logrotator@3.0.7@egg-logrotator\app\schedule\clean_log.js
2019-04-09 15:32:15,517 INFO 1964 [egg-schedule]: register schedule E:\GitHub\egg-2.x-\node_modules\_egg-logrotator@3.0.7@egg-logrotator\app\schedule\rotate_by_file.js
2019-04-09 15:32:16,584 INFO 5812 [egg-schedule]: register schedule E:\GitHub\egg-2.x-\node_modules\_egg-logrotator@3.0.7@egg-logrotator\app\schedule\clean_log.js
2019-04-09 15:32:16,584 INFO 5812 [egg-schedule]: register schedule E:\GitHub\egg-2.x-\node_modules\_egg-logrotator@3.0.7@egg-logrotator\app\schedule\rotate_by_file.js
2019-04-09 15:32:41,961 INFO 11188 [egg-schedule]: register schedule E:\GitHub\egg-2.x-\node_modules\_egg-logrotator@3.0.7@egg-logrotator\app\schedule\clean_log.js
2019-04-09 15:32:41,961 INFO 11188 [egg-schedule]: register schedule E:\GitHub\egg-2.x-\node_modules\_egg-logrotator@3.0.7@egg-logrotator\app\schedule\rotate_by_file.js
2019-04-09 15:32:43,906 INFO 11196 [egg-schedule]: register schedule E:\GitHub\egg-2.x-\node_modules\_egg-logrotator@3.0.7@egg-logrotator\app\schedule\clean_log.js
2019-04-09 15:32:43,907 INFO 11196 [egg-schedule]: register schedule E:\GitHub\egg-2.x-\node_modules\_egg-logrotator@3.0.7@egg-logrotator\app\schedule\rotate_by_file.js
2019-04-09 15:33:24,724 INFO 10884 [egg-schedule]: register schedule E:\GitHub\egg-2.x-\node_modules\_egg-logrotator@3.0.7@egg-logrotator\app\schedule\clean_log.js
2019-04-09 15:33:24,724 INFO 10884 [egg-schedule]: register schedule E:\GitHub\egg-2.x-\node_modules\_egg-logrotator@3.0.7@egg-logrotator\app\schedule\rotate_by_file.js
2019-04-09 15:33:26,816 INFO 10272 [egg-schedule]: register schedule E:\GitHub\egg-2.x-\node_modules\_egg-logrotator@3.0.7@egg-logrotator\app\schedule\clean_log.js
2019-04-09 15:33:26,816 INFO 10272 [egg-schedule]: register schedule E:\GitHub\egg-2.x-\node_modules\_egg-logrotator@3.0.7@egg-logrotator\app\schedule\rotate_by_file.js
2019-04-09 15:33:54,914 INFO 10968 [egg-schedule]: register schedule E:\GitHub\egg-2.x-\node_modules\_egg-logrotator@3.0.7@egg-logrotator\app\schedule\clean_log.js
2019-04-09 15:33:54,914 INFO 10968 [egg-schedule]: register schedule E:\GitHub\egg-2.x-\node_modules\_egg-logrotator@3.0.7@egg-logrotator\app\schedule\rotate_by_file.js
2019-04-09 15:33:55,983 INFO 11156 [egg-schedule]: register schedule E:\GitHub\egg-2.x-\node_modules\_egg-logrotator@3.0.7@egg-logrotator\app\schedule\clean_log.js
2019-04-09 15:33:55,983 INFO 11156 [egg-schedule]: register schedule E:\GitHub\egg-2.x-\node_modules\_egg-logrotator@3.0.7@egg-logrotator\app\schedule\rotate_by_file.js
2019-04-09 15:35:02,061 INFO 10044 [egg-schedule]: register schedule E:\GitHub\egg-2.x-\node_modules\_egg-logrotator@3.0.7@egg-logrotator\app\schedule\clean_log.js
2019-04-09 15:35:02,061 INFO 10044 [egg-schedule]: register schedule E:\GitHub\egg-2.x-\node_modules\_egg-logrotator@3.0.7@egg-logrotator\app\schedule\rotate_by_file.js
2019-04-09 15:36:19,593 INFO 11164 [Timer] E:\GitHub\egg-2.x-\node_modules\_egg-logrotator@3.0.7@egg-logrotator\app\schedule\clean_log.js next time will execute after 30220409ms at 2019-04-10 00:00:00.002
2019-04-09 15:36:19,594 INFO 11164 [Timer] E:\GitHub\egg-2.x-\node_modules\_egg-logrotator@3.0.7@egg-logrotator\app\schedule\rotate_by_file.js next time will execute after 30221407ms at 2019-04-10 00:00:01.001
2019-04-09 15:36:19,474 INFO 3084 [egg-schedule]: register schedule E:\GitHub\egg-2.x-\node_modules\_egg-logrotator@3.0.7@egg-logrotator\app\schedule\clean_log.js
2019-04-09 15:36:19,474 INFO 3084 [egg-schedule]: register schedule E:\GitHub\egg-2.x-\node_modules\_egg-logrotator@3.0.7@egg-logrotator\app\schedule\rotate_by_file.js
2019-04-09 15:46:37,386 INFO 9040 [egg-schedule]: register schedule E:\GitHub\egg-2.x-\node_modules\_egg-logrotator@3.0.7@egg-logrotator\app\schedule\clean_log.js
2019-04-09 15:46:37,386 INFO 9040 [egg-schedule]: register schedule E:\GitHub\egg-2.x-\node_modules\_egg-logrotator@3.0.7@egg-logrotator\app\schedule\rotate_by_file.js
2019-04-09 15:46:38,487 INFO 9504 [egg-schedule]: register schedule E:\GitHub\egg-2.x-\node_modules\_egg-logrotator@3.0.7@egg-logrotator\app\schedule\clean_log.js
2019-04-09 15:46:38,487 INFO 9504 [egg-schedule]: register schedule E:\GitHub\egg-2.x-\node_modules\_egg-logrotator@3.0.7@egg-logrotator\app\schedule\rotate_by_file.js
2019-04-09 15:49:34,784 INFO 1072 [egg-schedule]: register schedule E:\GitHub\egg-2.x-\node_modules\_egg-logrotator@3.0.7@egg-logrotator\app\schedule\clean_log.js
2019-04-09 15:49:34,785 INFO 1072 [egg-schedule]: register schedule E:\GitHub\egg-2.x-\node_modules\_egg-logrotator@3.0.7@egg-logrotator\app\schedule\rotate_by_file.js
2019-04-09 15:49:35,857 INFO 6724 [egg-schedule]: register schedule E:\GitHub\egg-2.x-\node_modules\_egg-logrotator@3.0.7@egg-logrotator\app\schedule\clean_log.js
2019-04-09 15:49:35,857 INFO 6724 [egg-schedule]: register schedule E:\GitHub\egg-2.x-\node_modules\_egg-logrotator@3.0.7@egg-logrotator\app\schedule\rotate_by_file.js
2019-04-09 15:50:32,472 INFO 5428 [egg-schedule]: register schedule E:\GitHub\egg-2.x-\node_modules\_egg-logrotator@3.0.7@egg-logrotator\app\schedule\clean_log.js
2019-04-09 15:50:32,472 INFO 5428 [egg-schedule]: register schedule E:\GitHub\egg-2.x-\node_modules\_egg-logrotator@3.0.7@egg-logrotator\app\schedule\rotate_by_file.js
2019-04-09 15:50:33,480 INFO 7116 [egg-schedule]: register schedule E:\GitHub\egg-2.x-\node_modules\_egg-logrotator@3.0.7@egg-logrotator\app\schedule\clean_log.js
2019-04-09 15:50:33,480 INFO 7116 [egg-schedule]: register schedule E:\GitHub\egg-2.x-\node_modules\_egg-logrotator@3.0.7@egg-logrotator\app\schedule\rotate_by_file.js
2019-04-09 15:50:53,546 INFO 10124 [egg-schedule]: register schedule E:\GitHub\egg-2.x-\node_modules\_egg-logrotator@3.0.7@egg-logrotator\app\schedule\clean_log.js
2019-04-09 15:50:53,546 INFO 10124 [egg-schedule]: register schedule E:\GitHub\egg-2.x-\node_modules\_egg-logrotator@3.0.7@egg-logrotator\app\schedule\rotate_by_file.js
2019-04-09 15:50:54,827 INFO 960 [egg-schedule]: register schedule E:\GitHub\egg-2.x-\node_modules\_egg-logrotator@3.0.7@egg-logrotator\app\schedule\clean_log.js
2019-04-09 15:50:54,827 INFO 960 [egg-schedule]: register schedule E:\GitHub\egg-2.x-\node_modules\_egg-logrotator@3.0.7@egg-logrotator\app\schedule\rotate_by_file.js
2019-04-09 15:52:55,555 INFO 10972 [Timer] E:\GitHub\egg-2.x-\node_modules\_egg-logrotator@3.0.7@egg-logrotator\app\schedule\clean_log.js next time will execute after 29224446ms at 2019-04-10 00:00:00.001
2019-04-09 15:52:55,556 INFO 10972 [Timer] E:\GitHub\egg-2.x-\node_modules\_egg-logrotator@3.0.7@egg-logrotator\app\schedule\rotate_by_file.js next time will execute after 29225444ms at 2019-04-10 00:00:01.000
2019-04-09 15:52:55,446 INFO 3692 [egg-schedule]: register schedule E:\GitHub\egg-2.x-\node_modules\_egg-logrotator@3.0.7@egg-logrotator\app\schedule\clean_log.js
2019-04-09 15:52:55,446 INFO 3692 [egg-schedule]: register schedule E:\GitHub\egg-2.x-\node_modules\_egg-logrotator@3.0.7@egg-logrotator\app\schedule\rotate_by_file.js
2019-04-09 15:55:17,435 INFO 3620 [egg-schedule]: register schedule E:\GitHub\egg-2.x-\node_modules\_egg-logrotator@3.0.7@egg-logrotator\app\schedule\clean_log.js
2019-04-09 15:55:17,435 INFO 3620 [egg-schedule]: register schedule E:\GitHub\egg-2.x-\node_modules\_egg-logrotator@3.0.7@egg-logrotator\app\schedule\rotate_by_file.js
2019-04-09 15:55:18,550 INFO 2724 [egg-schedule]: register schedule E:\GitHub\egg-2.x-\node_modules\_egg-logrotator@3.0.7@egg-logrotator\app\schedule\clean_log.js
2019-04-09 15:55:18,550 INFO 2724 [egg-schedule]: register schedule E:\GitHub\egg-2.x-\node_modules\_egg-logrotator@3.0.7@egg-logrotator\app\schedule\rotate_by_file.js
2019-04-09 15:55:49,598 INFO 8132 [egg-schedule]: register schedule E:\GitHub\egg-2.x-\node_modules\_egg-logrotator@3.0.7@egg-logrotator\app\schedule\clean_log.js
2019-04-09 15:55:49,598 INFO 8132 [egg-schedule]: register schedule E:\GitHub\egg-2.x-\node_modules\_egg-logrotator@3.0.7@egg-logrotator\app\schedule\rotate_by_file.js
2019-04-09 15:55:50,745 INFO 11120 [egg-schedule]: register schedule E:\GitHub\egg-2.x-\node_modules\_egg-logrotator@3.0.7@egg-logrotator\app\schedule\clean_log.js
2019-04-09 15:55:50,745 INFO 11120 [egg-schedule]: register schedule E:\GitHub\egg-2.x-\node_modules\_egg-logrotator@3.0.7@egg-logrotator\app\schedule\rotate_by_file.js
2019-04-09 15:55:52,086 INFO 3280 [egg-schedule]: register schedule E:\GitHub\egg-2.x-\node_modules\_egg-logrotator@3.0.7@egg-logrotator\app\schedule\clean_log.js
2019-04-09 15:55:52,086 INFO 3280 [egg-schedule]: register schedule E:\GitHub\egg-2.x-\node_modules\_egg-logrotator@3.0.7@egg-logrotator\app\schedule\rotate_by_file.js
2019-04-09 15:55:53,224 INFO 10468 [egg-schedule]: register schedule E:\GitHub\egg-2.x-\node_modules\_egg-logrotator@3.0.7@egg-logrotator\app\schedule\clean_log.js
2019-04-09 15:55:53,224 INFO 10468 [egg-schedule]: register schedule E:\GitHub\egg-2.x-\node_modules\_egg-logrotator@3.0.7@egg-logrotator\app\schedule\rotate_by_file.js
2019-04-09 15:56:15,548 INFO 4940 [egg-schedule]: register schedule E:\GitHub\egg-2.x-\node_modules\_egg-logrotator@3.0.7@egg-logrotator\app\schedule\clean_log.js
2019-04-09 15:56:15,548 INFO 4940 [egg-schedule]: register schedule E:\GitHub\egg-2.x-\node_modules\_egg-logrotator@3.0.7@egg-logrotator\app\schedule\rotate_by_file.js
2019-04-09 15:56:16,652 INFO 11216 [egg-schedule]: register schedule E:\GitHub\egg-2.x-\node_modules\_egg-logrotator@3.0.7@egg-logrotator\app\schedule\clean_log.js
2019-04-09 15:56:16,652 INFO 11216 [egg-schedule]: register schedule E:\GitHub\egg-2.x-\node_modules\_egg-logrotator@3.0.7@egg-logrotator\app\schedule\rotate_by_file.js
2019-04-09 15:56:40,781 INFO 3140 [egg-schedule]: register schedule E:\GitHub\egg-2.x-\node_modules\_egg-logrotator@3.0.7@egg-logrotator\app\schedule\clean_log.js
2019-04-09 15:56:40,781 INFO 3140 [egg-schedule]: register schedule E:\GitHub\egg-2.x-\node_modules\_egg-logrotator@3.0.7@egg-logrotator\app\schedule\rotate_by_file.js
2019-04-09 15:56:41,937 INFO 10424 [egg-schedule]: register schedule E:\GitHub\egg-2.x-\node_modules\_egg-logrotator@3.0.7@egg-logrotator\app\schedule\clean_log.js
2019-04-09 15:56:41,937 INFO 10424 [egg-schedule]: register schedule E:\GitHub\egg-2.x-\node_modules\_egg-logrotator@3.0.7@egg-logrotator\app\schedule\rotate_by_file.js
2019-04-09 15:56:51,204 INFO 7580 [egg-schedule]: register schedule E:\GitHub\egg-2.x-\node_modules\_egg-logrotator@3.0.7@egg-logrotator\app\schedule\clean_log.js
2019-04-09 15:56:51,204 INFO 7580 [egg-schedule]: register schedule E:\GitHub\egg-2.x-\node_modules\_egg-logrotator@3.0.7@egg-logrotator\app\schedule\rotate_by_file.js
2019-04-09 15:56:52,342 INFO 10900 [egg-schedule]: register schedule E:\GitHub\egg-2.x-\node_modules\_egg-logrotator@3.0.7@egg-logrotator\app\schedule\clean_log.js
2019-04-09 15:56:52,342 INFO 10900 [egg-schedule]: register schedule E:\GitHub\egg-2.x-\node_modules\_egg-logrotator@3.0.7@egg-logrotator\app\schedule\rotate_by_file.js
2019-04-09 15:57:03,983 INFO 10208 [egg-schedule]: register schedule E:\GitHub\egg-2.x-\node_modules\_egg-logrotator@3.0.7@egg-logrotator\app\schedule\clean_log.js
2019-04-09 15:57:03,983 INFO 10208 [egg-schedule]: register schedule E:\GitHub\egg-2.x-\node_modules\_egg-logrotator@3.0.7@egg-logrotator\app\schedule\rotate_by_file.js
2019-04-09 15:57:05,062 INFO 9776 [egg-schedule]: register schedule E:\GitHub\egg-2.x-\node_modules\_egg-logrotator@3.0.7@egg-logrotator\app\schedule\clean_log.js
2019-04-09 15:57:05,062 INFO 9776 [egg-schedule]: register schedule E:\GitHub\egg-2.x-\node_modules\_egg-logrotator@3.0.7@egg-logrotator\app\schedule\rotate_by_file.js
2019-04-09 15:57:07,319 INFO 8960 [egg-schedule]: register schedule E:\GitHub\egg-2.x-\node_modules\_egg-logrotator@3.0.7@egg-logrotator\app\schedule\clean_log.js
2019-04-09 15:57:07,319 INFO 8960 [egg-schedule]: register schedule E:\GitHub\egg-2.x-\node_modules\_egg-logrotator@3.0.7@egg-logrotator\app\schedule\rotate_by_file.js
2019-04-09 15:57:08,452 INFO 8284 [egg-schedule]: register schedule E:\GitHub\egg-2.x-\node_modules\_egg-logrotator@3.0.7@egg-logrotator\app\schedule\clean_log.js
2019-04-09 15:57:08,452 INFO 8284 [egg-schedule]: register schedule E:\GitHub\egg-2.x-\node_modules\_egg-logrotator@3.0.7@egg-logrotator\app\schedule\rotate_by_file.js
2019-04-09 15:57:12,319 INFO 10720 [egg-schedule]: register schedule E:\GitHub\egg-2.x-\node_modules\_egg-logrotator@3.0.7@egg-logrotator\app\schedule\clean_log.js
2019-04-09 15:57:12,319 INFO 10720 [egg-schedule]: register schedule E:\GitHub\egg-2.x-\node_modules\_egg-logrotator@3.0.7@egg-logrotator\app\schedule\rotate_by_file.js
2019-04-09 15:57:13,390 INFO 8132 [egg-schedule]: register schedule E:\GitHub\egg-2.x-\node_modules\_egg-logrotator@3.0.7@egg-logrotator\app\schedule\clean_log.js
2019-04-09 15:57:13,390 INFO 8132 [egg-schedule]: register schedule E:\GitHub\egg-2.x-\node_modules\_egg-logrotator@3.0.7@egg-logrotator\app\schedule\rotate_by_file.js
2019-04-09 15:57:30,595 INFO 6240 [egg-schedule]: register schedule E:\GitHub\egg-2.x-\node_modules\_egg-logrotator@3.0.7@egg-logrotator\app\schedule\clean_log.js
2019-04-09 15:57:30,595 INFO 6240 [egg-schedule]: register schedule E:\GitHub\egg-2.x-\node_modules\_egg-logrotator@3.0.7@egg-logrotator\app\schedule\rotate_by_file.js
2019-04-09 15:57:31,710 INFO 10252 [egg-schedule]: register schedule E:\GitHub\egg-2.x-\node_modules\_egg-logrotator@3.0.7@egg-logrotator\app\schedule\clean_log.js
2019-04-09 15:57:31,710 INFO 10252 [egg-schedule]: register schedule E:\GitHub\egg-2.x-\node_modules\_egg-logrotator@3.0.7@egg-logrotator\app\schedule\rotate_by_file.js
2019-04-09 15:57:49,406 INFO 9248 [egg-schedule]: register schedule E:\GitHub\egg-2.x-\node_modules\_egg-logrotator@3.0.7@egg-logrotator\app\schedule\clean_log.js
2019-04-09 15:57:49,406 INFO 9248 [egg-schedule]: register schedule E:\GitHub\egg-2.x-\node_modules\_egg-logrotator@3.0.7@egg-logrotator\app\schedule\rotate_by_file.js
2019-04-09 15:57:50,500 INFO 10296 [egg-schedule]: register schedule E:\GitHub\egg-2.x-\node_modules\_egg-logrotator@3.0.7@egg-logrotator\app\schedule\clean_log.js
2019-04-09 15:57:50,500 INFO 10296 [egg-schedule]: register schedule E:\GitHub\egg-2.x-\node_modules\_egg-logrotator@3.0.7@egg-logrotator\app\schedule\rotate_by_file.js
2019-04-09 15:58:13,683 INFO 3920 [egg-schedule]: register schedule E:\GitHub\egg-2.x-\node_modules\_egg-logrotator@3.0.7@egg-logrotator\app\schedule\clean_log.js
2019-04-09 15:58:13,683 INFO 3920 [egg-schedule]: register schedule E:\GitHub\egg-2.x-\node_modules\_egg-logrotator@3.0.7@egg-logrotator\app\schedule\rotate_by_file.js
2019-04-09 15:58:14,738 INFO 5208 [egg-schedule]: register schedule E:\GitHub\egg-2.x-\node_modules\_egg-logrotator@3.0.7@egg-logrotator\app\schedule\clean_log.js
2019-04-09 15:58:14,738 INFO 5208 [egg-schedule]: register schedule E:\GitHub\egg-2.x-\node_modules\_egg-logrotator@3.0.7@egg-logrotator\app\schedule\rotate_by_file.js
2019-04-09 15:58:29,750 INFO 6292 [egg-schedule]: register schedule E:\GitHub\egg-2.x-\node_modules\_egg-logrotator@3.0.7@egg-logrotator\app\schedule\clean_log.js
2019-04-09 15:58:29,750 INFO 6292 [egg-schedule]: register schedule E:\GitHub\egg-2.x-\node_modules\_egg-logrotator@3.0.7@egg-logrotator\app\schedule\rotate_by_file.js
2019-04-09 15:58:30,815 INFO 9972 [egg-schedule]: register schedule E:\GitHub\egg-2.x-\node_modules\_egg-logrotator@3.0.7@egg-logrotator\app\schedule\clean_log.js
2019-04-09 15:58:30,815 INFO 9972 [egg-schedule]: register schedule E:\GitHub\egg-2.x-\node_modules\_egg-logrotator@3.0.7@egg-logrotator\app\schedule\rotate_by_file.js
2019-04-09 16:00:15,541 INFO 1880 [egg-schedule]: register schedule E:\GitHub\egg-2.x-\node_modules\_egg-logrotator@3.0.7@egg-logrotator\app\schedule\clean_log.js
2019-04-09 16:00:15,541 INFO 1880 [egg-schedule]: register schedule E:\GitHub\egg-2.x-\node_modules\_egg-logrotator@3.0.7@egg-logrotator\app\schedule\rotate_by_file.js
2019-04-09 16:00:16,676 INFO 7560 [egg-schedule]: register schedule E:\GitHub\egg-2.x-\node_modules\_egg-logrotator@3.0.7@egg-logrotator\app\schedule\clean_log.js
2019-04-09 16:00:16,676 INFO 7560 [egg-schedule]: register schedule E:\GitHub\egg-2.x-\node_modules\_egg-logrotator@3.0.7@egg-logrotator\app\schedule\rotate_by_file.js
2019-04-09 16:00:32,799 INFO 7128 [Timer] E:\GitHub\egg-2.x-\node_modules\_egg-logrotator@3.0.7@egg-logrotator\app\schedule\clean_log.js next time will execute after 28767203ms at 2019-04-10 00:00:00.002
2019-04-09 16:00:32,800 INFO 7128 [Timer] E:\GitHub\egg-2.x-\node_modules\_egg-logrotator@3.0.7@egg-logrotator\app\schedule\rotate_by_file.js next time will execute after 28768201ms at 2019-04-10 00:00:01.001
2019-04-09 16:00:32,686 INFO 10480 [egg-schedule]: register schedule E:\GitHub\egg-2.x-\node_modules\_egg-logrotator@3.0.7@egg-logrotator\app\schedule\clean_log.js
2019-04-09 16:00:32,686 INFO 10480 [egg-schedule]: register schedule E:\GitHub\egg-2.x-\node_modules\_egg-logrotator@3.0.7@egg-logrotator\app\schedule\rotate_by_file.js
2019-04-09 16:00:47,666 INFO 2188 [egg-schedule]: register schedule E:\GitHub\egg-2.x-\node_modules\_egg-logrotator@3.0.7@egg-logrotator\app\schedule\clean_log.js
2019-04-09 16:00:47,666 INFO 2188 [egg-schedule]: register schedule E:\GitHub\egg-2.x-\node_modules\_egg-logrotator@3.0.7@egg-logrotator\app\schedule\rotate_by_file.js
2019-04-09 16:01:17,674 INFO 9192 [egg-schedule]: register schedule E:\GitHub\egg-2.x-\node_modules\_egg-logrotator@3.0.7@egg-logrotator\app\schedule\clean_log.js
2019-04-09 16:01:17,674 INFO 9192 [egg-schedule]: register schedule E:\GitHub\egg-2.x-\node_modules\_egg-logrotator@3.0.7@egg-logrotator\app\schedule\rotate_by_file.js
2019-04-09 16:01:18,815 INFO 6764 [egg-schedule]: register schedule E:\GitHub\egg-2.x-\node_modules\_egg-logrotator@3.0.7@egg-logrotator\app\schedule\clean_log.js
2019-04-09 16:01:18,815 INFO 6764 [egg-schedule]: register schedule E:\GitHub\egg-2.x-\node_modules\_egg-logrotator@3.0.7@egg-logrotator\app\schedule\rotate_by_file.js
2019-04-09 16:02:55,420 INFO 4048 [egg-schedule]: register schedule E:\GitHub\egg-2.x-\node_modules\_egg-logrotator@3.0.7@egg-logrotator\app\schedule\clean_log.js
2019-04-09 16:02:55,420 INFO 4048 [egg-schedule]: register schedule E:\GitHub\egg-2.x-\node_modules\_egg-logrotator@3.0.7@egg-logrotator\app\schedule\rotate_by_file.js
2019-04-09 16:02:58,380 INFO 340 [egg-schedule]: register schedule E:\GitHub\egg-2.x-\node_modules\_egg-logrotator@3.0.7@egg-logrotator\app\schedule\clean_log.js
2019-04-09 16:02:58,380 INFO 340 [egg-schedule]: register schedule E:\GitHub\egg-2.x-\node_modules\_egg-logrotator@3.0.7@egg-logrotator\app\schedule\rotate_by_file.js
2019-04-09 16:03:32,418 INFO 10820 [egg-schedule]: register schedule E:\GitHub\egg-2.x-\node_modules\_egg-logrotator@3.0.7@egg-logrotator\app\schedule\clean_log.js
2019-04-09 16:03:32,419 INFO 10820 [egg-schedule]: register schedule E:\GitHub\egg-2.x-\node_modules\_egg-logrotator@3.0.7@egg-logrotator\app\schedule\rotate_by_file.js
2019-04-09 16:06:37,201 INFO 3432 [egg-schedule]: register schedule E:\GitHub\egg-2.x-\node_modules\_egg-logrotator@3.0.7@egg-logrotator\app\schedule\clean_log.js
2019-04-09 16:06:37,202 INFO 3432 [egg-schedule]: register schedule E:\GitHub\egg-2.x-\node_modules\_egg-logrotator@3.0.7@egg-logrotator\app\schedule\rotate_by_file.js
2019-04-09 16:06:42,104 INFO 7984 [egg-schedule]: register schedule E:\GitHub\egg-2.x-\node_modules\_egg-logrotator@3.0.7@egg-logrotator\app\schedule\clean_log.js
2019-04-09 16:06:42,104 INFO 7984 [egg-schedule]: register schedule E:\GitHub\egg-2.x-\node_modules\_egg-logrotator@3.0.7@egg-logrotator\app\schedule\rotate_by_file.js
2019-04-09 16:06:59,048 INFO 7744 [egg-schedule]: register schedule E:\GitHub\egg-2.x-\node_modules\_egg-logrotator@3.0.7@egg-logrotator\app\schedule\clean_log.js
2019-04-09 16:06:59,048 INFO 7744 [egg-schedule]: register schedule E:\GitHub\egg-2.x-\node_modules\_egg-logrotator@3.0.7@egg-logrotator\app\schedule\rotate_by_file.js
2019-04-09 16:07:00,232 INFO 5460 [egg-schedule]: register schedule E:\GitHub\egg-2.x-\node_modules\_egg-logrotator@3.0.7@egg-logrotator\app\schedule\clean_log.js
2019-04-09 16:07:00,232 INFO 5460 [egg-schedule]: register schedule E:\GitHub\egg-2.x-\node_modules\_egg-logrotator@3.0.7@egg-logrotator\app\schedule\rotate_by_file.js
2019-04-09 16:07:13,922 INFO 10996 [egg-schedule]: register schedule E:\GitHub\egg-2.x-\node_modules\_egg-logrotator@3.0.7@egg-logrotator\app\schedule\clean_log.js
2019-04-09 16:07:13,922 INFO 10996 [egg-schedule]: register schedule E:\GitHub\egg-2.x-\node_modules\_egg-logrotator@3.0.7@egg-logrotator\app\schedule\rotate_by_file.js
2019-04-09 16:07:15,168 INFO 9564 [egg-schedule]: register schedule E:\GitHub\egg-2.x-\node_modules\_egg-logrotator@3.0.7@egg-logrotator\app\schedule\clean_log.js
2019-04-09 16:07:15,168 INFO 9564 [egg-schedule]: register schedule E:\GitHub\egg-2.x-\node_modules\_egg-logrotator@3.0.7@egg-logrotator\app\schedule\rotate_by_file.js
2019-04-09 16:07:39,064 INFO 10540 [egg-schedule]: register schedule E:\GitHub\egg-2.x-\node_modules\_egg-logrotator@3.0.7@egg-logrotator\app\schedule\clean_log.js
2019-04-09 16:07:39,064 INFO 10540 [egg-schedule]: register schedule E:\GitHub\egg-2.x-\node_modules\_egg-logrotator@3.0.7@egg-logrotator\app\schedule\rotate_by_file.js
2019-04-09 16:07:40,132 INFO 9880 [egg-schedule]: register schedule E:\GitHub\egg-2.x-\node_modules\_egg-logrotator@3.0.7@egg-logrotator\app\schedule\clean_log.js
2019-04-09 16:07:40,132 INFO 9880 [egg-schedule]: register schedule E:\GitHub\egg-2.x-\node_modules\_egg-logrotator@3.0.7@egg-logrotator\app\schedule\rotate_by_file.js
2019-04-09 16:08:05,680 INFO 3464 [egg-schedule]: register schedule E:\GitHub\egg-2.x-\node_modules\_egg-logrotator@3.0.7@egg-logrotator\app\schedule\clean_log.js
2019-04-09 16:08:05,680 INFO 3464 [egg-schedule]: register schedule E:\GitHub\egg-2.x-\node_modules\_egg-logrotator@3.0.7@egg-logrotator\app\schedule\rotate_by_file.js
2019-04-09 16:08:06,841 INFO 2168 [egg-schedule]: register schedule E:\GitHub\egg-2.x-\node_modules\_egg-logrotator@3.0.7@egg-logrotator\app\schedule\clean_log.js
2019-04-09 16:08:06,841 INFO 2168 [egg-schedule]: register schedule E:\GitHub\egg-2.x-\node_modules\_egg-logrotator@3.0.7@egg-logrotator\app\schedule\rotate_by_file.js
2019-04-09 16:09:25,646 INFO 3388 [egg-schedule]: register schedule E:\GitHub\egg-2.x-\node_modules\_egg-logrotator@3.0.7@egg-logrotator\app\schedule\clean_log.js
2019-04-09 16:09:25,646 INFO 3388 [egg-schedule]: register schedule E:\GitHub\egg-2.x-\node_modules\_egg-logrotator@3.0.7@egg-logrotator\app\schedule\rotate_by_file.js
2019-04-09 16:09:26,738 INFO 8972 [egg-schedule]: register schedule E:\GitHub\egg-2.x-\node_modules\_egg-logrotator@3.0.7@egg-logrotator\app\schedule\clean_log.js
2019-04-09 16:09:26,738 INFO 8972 [egg-schedule]: register schedule E:\GitHub\egg-2.x-\node_modules\_egg-logrotator@3.0.7@egg-logrotator\app\schedule\rotate_by_file.js
2019-04-09 16:09:28,286 INFO 1516 [egg-schedule]: register schedule E:\GitHub\egg-2.x-\node_modules\_egg-logrotator@3.0.7@egg-logrotator\app\schedule\clean_log.js
2019-04-09 16:09:28,286 INFO 1516 [egg-schedule]: register schedule E:\GitHub\egg-2.x-\node_modules\_egg-logrotator@3.0.7@egg-logrotator\app\schedule\rotate_by_file.js
2019-04-09 16:09:29,462 INFO 5460 [egg-schedule]: register schedule E:\GitHub\egg-2.x-\node_modules\_egg-logrotator@3.0.7@egg-logrotator\app\schedule\clean_log.js
2019-04-09 16:09:29,462 INFO 5460 [egg-schedule]: register schedule E:\GitHub\egg-2.x-\node_modules\_egg-logrotator@3.0.7@egg-logrotator\app\schedule\rotate_by_file.js
2019-04-09 16:09:37,758 INFO 3876 [egg-schedule]: register schedule E:\GitHub\egg-2.x-\node_modules\_egg-logrotator@3.0.7@egg-logrotator\app\schedule\clean_log.js
2019-04-09 16:09:37,758 INFO 3876 [egg-schedule]: register schedule E:\GitHub\egg-2.x-\node_modules\_egg-logrotator@3.0.7@egg-logrotator\app\schedule\rotate_by_file.js
2019-04-09 16:09:38,900 INFO 8196 [egg-schedule]: register schedule E:\GitHub\egg-2.x-\node_modules\_egg-logrotator@3.0.7@egg-logrotator\app\schedule\clean_log.js
2019-04-09 16:09:38,900 INFO 8196 [egg-schedule]: register schedule E:\GitHub\egg-2.x-\node_modules\_egg-logrotator@3.0.7@egg-logrotator\app\schedule\rotate_by_file.js
2019-04-09 16:11:08,634 INFO 10432 [egg-schedule]: register schedule E:\GitHub\egg-2.x-\node_modules\_egg-logrotator@3.0.7@egg-logrotator\app\schedule\clean_log.js
2019-04-09 16:11:08,634 INFO 10432 [egg-schedule]: register schedule E:\GitHub\egg-2.x-\node_modules\_egg-logrotator@3.0.7@egg-logrotator\app\schedule\rotate_by_file.js
2019-04-09 16:11:09,740 INFO 8260 [egg-schedule]: register schedule E:\GitHub\egg-2.x-\node_modules\_egg-logrotator@3.0.7@egg-logrotator\app\schedule\clean_log.js
2019-04-09 16:11:09,740 INFO 8260 [egg-schedule]: register schedule E:\GitHub\egg-2.x-\node_modules\_egg-logrotator@3.0.7@egg-logrotator\app\schedule\rotate_by_file.js
2019-04-09 16:11:54,181 INFO 11144 [egg-schedule]: register schedule E:\GitHub\egg-2.x-\node_modules\_egg-logrotator@3.0.7@egg-logrotator\app\schedule\clean_log.js
2019-04-09 16:11:54,181 INFO 11144 [egg-schedule]: register schedule E:\GitHub\egg-2.x-\node_modules\_egg-logrotator@3.0.7@egg-logrotator\app\schedule\rotate_by_file.js
2019-04-09 16:11:55,342 INFO 5652 [egg-schedule]: register schedule E:\GitHub\egg-2.x-\node_modules\_egg-logrotator@3.0.7@egg-logrotator\app\schedule\clean_log.js
2019-04-09 16:11:55,342 INFO 5652 [egg-schedule]: register schedule E:\GitHub\egg-2.x-\node_modules\_egg-logrotator@3.0.7@egg-logrotator\app\schedule\rotate_by_file.js
2019-04-09 16:12:03,067 INFO 664 [egg-schedule]: register schedule E:\GitHub\egg-2.x-\node_modules\_egg-logrotator@3.0.7@egg-logrotator\app\schedule\clean_log.js
2019-04-09 16:12:03,067 INFO 664 [egg-schedule]: register schedule E:\GitHub\egg-2.x-\node_modules\_egg-logrotator@3.0.7@egg-logrotator\app\schedule\rotate_by_file.js
2019-04-09 16:12:04,291 INFO 11068 [egg-schedule]: register schedule E:\GitHub\egg-2.x-\node_modules\_egg-logrotator@3.0.7@egg-logrotator\app\schedule\clean_log.js
2019-04-09 16:12:04,291 INFO 11068 [egg-schedule]: register schedule E:\GitHub\egg-2.x-\node_modules\_egg-logrotator@3.0.7@egg-logrotator\app\schedule\rotate_by_file.js
2019-04-09 16:12:11,329 INFO 3552 [egg-schedule]: register schedule E:\GitHub\egg-2.x-\node_modules\_egg-logrotator@3.0.7@egg-logrotator\app\schedule\clean_log.js
2019-04-09 16:12:11,329 INFO 3552 [egg-schedule]: register schedule E:\GitHub\egg-2.x-\node_modules\_egg-logrotator@3.0.7@egg-logrotator\app\schedule\rotate_by_file.js
2019-04-09 16:12:28,757 INFO 592 [egg-schedule]: register schedule E:\GitHub\egg-2.x-\node_modules\_egg-logrotator@3.0.7@egg-logrotator\app\schedule\clean_log.js
2019-04-09 16:12:28,757 INFO 592 [egg-schedule]: register schedule E:\GitHub\egg-2.x-\node_modules\_egg-logrotator@3.0.7@egg-logrotator\app\schedule\rotate_by_file.js
2019-04-09 16:12:37,306 INFO 1288 [egg-schedule]: register schedule E:\GitHub\egg-2.x-\node_modules\_egg-logrotator@3.0.7@egg-logrotator\app\schedule\clean_log.js
2019-04-09 16:12:37,306 INFO 1288 [egg-schedule]: register schedule E:\GitHub\egg-2.x-\node_modules\_egg-logrotator@3.0.7@egg-logrotator\app\schedule\rotate_by_file.js
2019-04-09 16:12:38,408 INFO 10540 [egg-schedule]: register schedule E:\GitHub\egg-2.x-\node_modules\_egg-logrotator@3.0.7@egg-logrotator\app\schedule\clean_log.js
2019-04-09 16:12:38,408 INFO 10540 [egg-schedule]: register schedule E:\GitHub\egg-2.x-\node_modules\_egg-logrotator@3.0.7@egg-logrotator\app\schedule\rotate_by_file.js
2019-04-09 16:13:37,697 INFO 5272 [egg-schedule]: register schedule E:\GitHub\egg-2.x-\node_modules\_egg-logrotator@3.0.7@egg-logrotator\app\schedule\clean_log.js
2019-04-09 16:13:37,697 INFO 5272 [egg-schedule]: register schedule E:\GitHub\egg-2.x-\node_modules\_egg-logrotator@3.0.7@egg-logrotator\app\schedule\rotate_by_file.js
2019-04-09 16:13:40,546 INFO 6016 [egg-schedule]: register schedule E:\GitHub\egg-2.x-\node_modules\_egg-logrotator@3.0.7@egg-logrotator\app\schedule\clean_log.js
2019-04-09 16:13:40,546 INFO 6016 [egg-schedule]: register schedule E:\GitHub\egg-2.x-\node_modules\_egg-logrotator@3.0.7@egg-logrotator\app\schedule\rotate_by_file.js
2019-04-09 16:13:41,723 INFO 9984 [egg-schedule]: register schedule E:\GitHub\egg-2.x-\node_modules\_egg-logrotator@3.0.7@egg-logrotator\app\schedule\clean_log.js
2019-04-09 16:13:41,723 INFO 9984 [egg-schedule]: register schedule E:\GitHub\egg-2.x-\node_modules\_egg-logrotator@3.0.7@egg-logrotator\app\schedule\rotate_by_file.js
2019-04-09 16:13:48,082 INFO 5168 [egg-schedule]: register schedule E:\GitHub\egg-2.x-\node_modules\_egg-logrotator@3.0.7@egg-logrotator\app\schedule\clean_log.js
2019-04-09 16:13:48,082 INFO 5168 [egg-schedule]: register schedule E:\GitHub\egg-2.x-\node_modules\_egg-logrotator@3.0.7@egg-logrotator\app\schedule\rotate_by_file.js
2019-04-09 16:13:49,164 INFO 1524 [egg-schedule]: register schedule E:\GitHub\egg-2.x-\node_modules\_egg-logrotator@3.0.7@egg-logrotator\app\schedule\clean_log.js
2019-04-09 16:13:49,164 INFO 1524 [egg-schedule]: register schedule E:\GitHub\egg-2.x-\node_modules\_egg-logrotator@3.0.7@egg-logrotator\app\schedule\rotate_by_file.js
2019-04-09 17:38:14,551 INFO 9832 [egg-schedule]: register schedule E:\GitHub\egg-2.x-\node_modules\_egg-logrotator@3.0.7@egg-logrotator\app\schedule\clean_log.js
2019-04-09 17:38:14,551 INFO 9832 [egg-schedule]: register schedule E:\GitHub\egg-2.x-\node_modules\_egg-logrotator@3.0.7@egg-logrotator\app\schedule\rotate_by_file.js
2019-04-09 17:38:15,682 INFO 5472 [egg-schedule]: register schedule E:\GitHub\egg-2.x-\node_modules\_egg-logrotator@3.0.7@egg-logrotator\app\schedule\clean_log.js
2019-04-09 17:38:15,682 INFO 5472 [egg-schedule]: register schedule E:\GitHub\egg-2.x-\node_modules\_egg-logrotator@3.0.7@egg-logrotator\app\schedule\rotate_by_file.js
2019-04-09 17:40:09,972 INFO 340 [egg-schedule]: register schedule E:\GitHub\egg-2.x-\node_modules\_egg-logrotator@3.0.7@egg-logrotator\app\schedule\clean_log.js
2019-04-09 17:40:09,973 INFO 340 [egg-schedule]: register schedule E:\GitHub\egg-2.x-\node_modules\_egg-logrotator@3.0.7@egg-logrotator\app\schedule\rotate_by_file.js
2019-04-09 17:40:11,157 INFO 9068 [egg-schedule]: register schedule E:\GitHub\egg-2.x-\node_modules\_egg-logrotator@3.0.7@egg-logrotator\app\schedule\clean_log.js
2019-04-09 17:40:11,157 INFO 9068 [egg-schedule]: register schedule E:\GitHub\egg-2.x-\node_modules\_egg-logrotator@3.0.7@egg-logrotator\app\schedule\rotate_by_file.js
2019-04-09 17:40:26,261 INFO 7476 [egg-schedule]: register schedule E:\GitHub\egg-2.x-\node_modules\_egg-logrotator@3.0.7@egg-logrotator\app\schedule\clean_log.js
2019-04-09 17:40:26,262 INFO 7476 [egg-schedule]: register schedule E:\GitHub\egg-2.x-\node_modules\_egg-logrotator@3.0.7@egg-logrotator\app\schedule\rotate_by_file.js
2019-04-09 17:40:27,367 INFO 10292 [egg-schedule]: register schedule E:\GitHub\egg-2.x-\node_modules\_egg-logrotator@3.0.7@egg-logrotator\app\schedule\clean_log.js
2019-04-09 17:40:27,367 INFO 10292 [egg-schedule]: register schedule E:\GitHub\egg-2.x-\node_modules\_egg-logrotator@3.0.7@egg-logrotator\app\schedule\rotate_by_file.js
2019-04-09 17:40:29,043 INFO 9708 [egg-schedule]: register schedule E:\GitHub\egg-2.x-\node_modules\_egg-logrotator@3.0.7@egg-logrotator\app\schedule\clean_log.js
2019-04-09 17:40:29,043 INFO 9708 [egg-schedule]: register schedule E:\GitHub\egg-2.x-\node_modules\_egg-logrotator@3.0.7@egg-logrotator\app\schedule\rotate_by_file.js
2019-04-09 17:40:30,164 INFO 4840 [egg-schedule]: register schedule E:\GitHub\egg-2.x-\node_modules\_egg-logrotator@3.0.7@egg-logrotator\app\schedule\clean_log.js
2019-04-09 17:40:30,164 INFO 4840 [egg-schedule]: register schedule E:\GitHub\egg-2.x-\node_modules\_egg-logrotator@3.0.7@egg-logrotator\app\schedule\rotate_by_file.js
2019-04-09 17:41:11,688 INFO 340 [egg-schedule]: register schedule E:\GitHub\egg-2.x-\node_modules\_egg-logrotator@3.0.7@egg-logrotator\app\schedule\clean_log.js
2019-04-09 17:41:11,688 INFO 340 [egg-schedule]: register schedule E:\GitHub\egg-2.x-\node_modules\_egg-logrotator@3.0.7@egg-logrotator\app\schedule\rotate_by_file.js
2019-04-09 17:41:12,820 INFO 3976 [egg-schedule]: register schedule E:\GitHub\egg-2.x-\node_modules\_egg-logrotator@3.0.7@egg-logrotator\app\schedule\clean_log.js
2019-04-09 17:41:12,820 INFO 3976 [egg-schedule]: register schedule E:\GitHub\egg-2.x-\node_modules\_egg-logrotator@3.0.7@egg-logrotator\app\schedule\rotate_by_file.js
2019-04-09 17:41:24,479 INFO 1044 [egg-schedule]: register schedule E:\GitHub\egg-2.x-\node_modules\_egg-logrotator@3.0.7@egg-logrotator\app\schedule\clean_log.js
2019-04-09 17:41:24,479 INFO 1044 [egg-schedule]: register schedule E:\GitHub\egg-2.x-\node_modules\_egg-logrotator@3.0.7@egg-logrotator\app\schedule\rotate_by_file.js
2019-04-09 17:41:25,539 INFO 5096 [egg-schedule]: register schedule E:\GitHub\egg-2.x-\node_modules\_egg-logrotator@3.0.7@egg-logrotator\app\schedule\clean_log.js
2019-04-09 17:41:25,539 INFO 5096 [egg-schedule]: register schedule E:\GitHub\egg-2.x-\node_modules\_egg-logrotator@3.0.7@egg-logrotator\app\schedule\rotate_by_file.js
