2019-04-11 08:41:33,687 INFO 8100 [egg-logrotator] app logger reload: got log-reload message
2019-04-12 14:43:56,546 INFO 11280 [egg:logger] init all loggers with options: {"dir":"E:\\GitHub\\egg-2.x-\\logs\\egg-2.x-","encoding":"utf8","env":"local","level":"INFO","consoleLevel":"INFO","disableConsoleAfterReady":false,"outputJSON":false,"buffer":true,"appLogName":"egg-2.x--web.log","coreLogName":"egg-web.log","agentLogName":"egg-agent.log","errorLogName":"common-error.log","coreLogger":{"consoleLevel":"WARN"},"allowDebugAtProd":false,"type":"application"}
2019-04-12 14:43:56,572 INFO 11280 [egg-multipart] stream mode enable
2019-04-12 14:43:56,655 INFO 11280 [egg-static] starting static serve /public/ -> E:\GitHub\egg-2.x-\app\public
2019-04-12 14:43:56,658 INFO 11280 [egg-security] use methodnoallow middleware
2019-04-12 14:43:56,658 INFO 11280 [egg-security] use noopen middleware
2019-04-12 14:43:56,659 INFO 11280 [egg-security] use nosniff middleware
2019-04-12 14:43:56,660 INFO 11280 [egg-security] use xssProtection middleware
2019-04-12 14:43:56,660 INFO 11280 [egg-security] use xframe middleware
2019-04-12 14:43:56,661 INFO 11280 [egg-security] use dta middleware
2019-04-12 14:43:56,661 INFO 11280 [egg-security] compose 6 middlewares into one security middleware
2019-04-12 14:43:56,671 INFO 11280 [egg:core] dump config after load, 5ms
2019-04-12 14:43:56,682 INFO 11280 [egg-watcher:application] watcher start success
2019-04-12 14:43:56,688 INFO 11280 [egg:core] dump config after ready, 4ms
2019-04-12 14:44:04,993 INFO 11280 [egg-view-nunjucks] loading templates from ["E:\\GitHub\\egg-2.x-\\app\\view"]
2019-04-12 14:47:06,031 INFO 9876 [egg:logger] init all loggers with options: {"dir":"E:\\GitHub\\egg-2.x-\\logs\\egg-2.x-","encoding":"utf8","env":"local","level":"INFO","consoleLevel":"INFO","disableConsoleAfterReady":false,"outputJSON":false,"buffer":true,"appLogName":"egg-2.x--web.log","coreLogName":"egg-web.log","agentLogName":"egg-agent.log","errorLogName":"common-error.log","coreLogger":{"consoleLevel":"WARN"},"allowDebugAtProd":false,"type":"application"}
2019-04-12 14:47:06,059 INFO 9876 [egg-multipart] stream mode enable
2019-04-12 14:47:06,137 INFO 9876 [egg-static] starting static serve /public/ -> E:\GitHub\egg-2.x-\app\public
2019-04-12 14:47:06,140 INFO 9876 [egg-security] use methodnoallow middleware
2019-04-12 14:47:06,141 INFO 9876 [egg-security] use noopen middleware
2019-04-12 14:47:06,143 INFO 9876 [egg-security] use nosniff middleware
2019-04-12 14:47:06,144 INFO 9876 [egg-security] use xssProtection middleware
2019-04-12 14:47:06,144 INFO 9876 [egg-security] use xframe middleware
2019-04-12 14:47:06,145 INFO 9876 [egg-security] use dta middleware
2019-04-12 14:47:06,145 INFO 9876 [egg-security] compose 6 middlewares into one security middleware
2019-04-12 14:47:06,154 INFO 9876 [egg:core] dump config after load, 4ms
2019-04-12 14:47:06,163 INFO 9876 [egg-watcher:application] watcher start success
2019-04-12 14:47:06,168 INFO 9876 [egg:core] dump config after ready, 3ms
2019-04-12 14:48:01,772 INFO 4232 [egg:logger] init all loggers with options: {"dir":"E:\\GitHub\\egg-2.x-\\logs\\egg-2.x-","encoding":"utf8","env":"local","level":"INFO","consoleLevel":"INFO","disableConsoleAfterReady":false,"outputJSON":false,"buffer":true,"appLogName":"egg-2.x--web.log","coreLogName":"egg-web.log","agentLogName":"egg-agent.log","errorLogName":"common-error.log","coreLogger":{"consoleLevel":"WARN"},"allowDebugAtProd":false,"type":"application"}
2019-04-12 14:48:01,797 INFO 4232 [egg-multipart] stream mode enable
2019-04-12 14:48:01,866 INFO 4232 [egg-static] starting static serve /public/ -> E:\GitHub\egg-2.x-\app\public
2019-04-12 14:48:01,869 INFO 4232 [egg-security] use methodnoallow middleware
2019-04-12 14:48:01,869 INFO 4232 [egg-security] use noopen middleware
2019-04-12 14:48:01,870 INFO 4232 [egg-security] use nosniff middleware
2019-04-12 14:48:01,871 INFO 4232 [egg-security] use xssProtection middleware
2019-04-12 14:48:01,872 INFO 4232 [egg-security] use xframe middleware
2019-04-12 14:48:01,872 INFO 4232 [egg-security] use dta middleware
2019-04-12 14:48:01,872 INFO 4232 [egg-security] compose 6 middlewares into one security middleware
2019-04-12 14:48:01,882 INFO 4232 [egg:core] dump config after load, 5ms
2019-04-12 14:48:01,891 INFO 4232 [egg-watcher:application] watcher start success
2019-04-12 14:48:01,896 INFO 4232 [egg:core] dump config after ready, 3ms
2019-04-12 14:48:02,829 INFO 8912 [egg:logger] init all loggers with options: {"dir":"E:\\GitHub\\egg-2.x-\\logs\\egg-2.x-","encoding":"utf8","env":"local","level":"INFO","consoleLevel":"INFO","disableConsoleAfterReady":false,"outputJSON":false,"buffer":true,"appLogName":"egg-2.x--web.log","coreLogName":"egg-web.log","agentLogName":"egg-agent.log","errorLogName":"common-error.log","coreLogger":{"consoleLevel":"WARN"},"allowDebugAtProd":false,"type":"application"}
2019-04-12 14:48:02,857 INFO 8912 [egg-multipart] stream mode enable
2019-04-12 14:48:02,928 INFO 8912 [egg-static] starting static serve /public/ -> E:\GitHub\egg-2.x-\app\public
2019-04-12 14:48:02,931 INFO 8912 [egg-security] use methodnoallow middleware
2019-04-12 14:48:02,931 INFO 8912 [egg-security] use noopen middleware
2019-04-12 14:48:02,932 INFO 8912 [egg-security] use nosniff middleware
2019-04-12 14:48:02,933 INFO 8912 [egg-security] use xssProtection middleware
2019-04-12 14:48:02,934 INFO 8912 [egg-security] use xframe middleware
2019-04-12 14:48:02,934 INFO 8912 [egg-security] use dta middleware
2019-04-12 14:48:02,934 INFO 8912 [egg-security] compose 6 middlewares into one security middleware
2019-04-12 14:48:02,945 INFO 8912 [egg:core] dump config after load, 5ms
2019-04-12 14:48:02,954 INFO 8912 [egg-watcher:application] watcher start success
2019-04-12 14:48:02,960 INFO 8912 [egg:core] dump config after ready, 4ms
2019-04-12 14:49:33,822 INFO 7848 [egg:logger] init all loggers with options: {"dir":"E:\\GitHub\\egg-2.x-\\logs\\egg-2.x-","encoding":"utf8","env":"local","level":"INFO","consoleLevel":"INFO","disableConsoleAfterReady":false,"outputJSON":false,"buffer":true,"appLogName":"egg-2.x--web.log","coreLogName":"egg-web.log","agentLogName":"egg-agent.log","errorLogName":"common-error.log","coreLogger":{"consoleLevel":"WARN"},"allowDebugAtProd":false,"type":"application"}
2019-04-12 14:49:33,847 INFO 7848 [egg-multipart] stream mode enable
2019-04-12 14:49:33,922 INFO 7848 [egg-static] starting static serve /public/ -> E:\GitHub\egg-2.x-\app\public
2019-04-12 14:49:33,925 INFO 7848 [egg-security] use methodnoallow middleware
2019-04-12 14:49:33,925 INFO 7848 [egg-security] use noopen middleware
2019-04-12 14:49:33,926 INFO 7848 [egg-security] use nosniff middleware
2019-04-12 14:49:33,927 INFO 7848 [egg-security] use xssProtection middleware
2019-04-12 14:49:33,928 INFO 7848 [egg-security] use xframe middleware
2019-04-12 14:49:33,928 INFO 7848 [egg-security] use dta middleware
2019-04-12 14:49:33,928 INFO 7848 [egg-security] compose 6 middlewares into one security middleware
2019-04-12 14:49:33,940 INFO 7848 [egg:core] dump config after load, 6ms
2019-04-12 14:49:33,951 INFO 7848 [egg-watcher:application] watcher start success
2019-04-12 14:49:33,957 INFO 7848 [egg:core] dump config after ready, 4ms
2019-04-12 14:49:34,834 INFO 12004 [egg:logger] init all loggers with options: {"dir":"E:\\GitHub\\egg-2.x-\\logs\\egg-2.x-","encoding":"utf8","env":"local","level":"INFO","consoleLevel":"INFO","disableConsoleAfterReady":false,"outputJSON":false,"buffer":true,"appLogName":"egg-2.x--web.log","coreLogName":"egg-web.log","agentLogName":"egg-agent.log","errorLogName":"common-error.log","coreLogger":{"consoleLevel":"WARN"},"allowDebugAtProd":false,"type":"application"}
2019-04-12 14:49:34,860 INFO 12004 [egg-multipart] stream mode enable
2019-04-12 14:49:34,930 INFO 12004 [egg-static] starting static serve /public/ -> E:\GitHub\egg-2.x-\app\public
2019-04-12 14:49:34,932 INFO 12004 [egg-security] use methodnoallow middleware
2019-04-12 14:49:34,933 INFO 12004 [egg-security] use noopen middleware
2019-04-12 14:49:34,934 INFO 12004 [egg-security] use nosniff middleware
2019-04-12 14:49:34,934 INFO 12004 [egg-security] use xssProtection middleware
2019-04-12 14:49:34,935 INFO 12004 [egg-security] use xframe middleware
2019-04-12 14:49:34,935 INFO 12004 [egg-security] use dta middleware
2019-04-12 14:49:34,935 INFO 12004 [egg-security] compose 6 middlewares into one security middleware
2019-04-12 14:49:34,946 INFO 12004 [egg:core] dump config after load, 5ms
2019-04-12 14:49:34,956 INFO 12004 [egg-watcher:application] watcher start success
2019-04-12 14:49:34,961 INFO 12004 [egg:core] dump config after ready, 3ms
2019-04-12 14:49:38,147 INFO 9632 [egg:logger] init all loggers with options: {"dir":"E:\\GitHub\\egg-2.x-\\logs\\egg-2.x-","encoding":"utf8","env":"local","level":"INFO","consoleLevel":"INFO","disableConsoleAfterReady":false,"outputJSON":false,"buffer":true,"appLogName":"egg-2.x--web.log","coreLogName":"egg-web.log","agentLogName":"egg-agent.log","errorLogName":"common-error.log","coreLogger":{"consoleLevel":"WARN"},"allowDebugAtProd":false,"type":"application"}
2019-04-12 14:49:38,175 INFO 9632 [egg-multipart] stream mode enable
2019-04-12 14:49:38,249 INFO 9632 [egg-static] starting static serve /public/ -> E:\GitHub\egg-2.x-\app\public
2019-04-12 14:49:38,251 INFO 9632 [egg-security] use methodnoallow middleware
2019-04-12 14:49:38,252 INFO 9632 [egg-security] use noopen middleware
2019-04-12 14:49:38,253 INFO 9632 [egg-security] use nosniff middleware
2019-04-12 14:49:38,254 INFO 9632 [egg-security] use xssProtection middleware
2019-04-12 14:49:38,255 INFO 9632 [egg-security] use xframe middleware
2019-04-12 14:49:38,255 INFO 9632 [egg-security] use dta middleware
2019-04-12 14:49:38,255 INFO 9632 [egg-security] compose 6 middlewares into one security middleware
2019-04-12 14:49:38,265 INFO 9632 [egg:core] dump config after load, 5ms
2019-04-12 14:49:38,274 INFO 9632 [egg-watcher:application] watcher start success
2019-04-12 14:49:38,281 INFO 9632 [egg:core] dump config after ready, 5ms
2019-04-12 14:50:20,560 INFO 11800 [egg:logger] init all loggers with options: {"dir":"E:\\GitHub\\egg-2.x-\\logs\\egg-2.x-","encoding":"utf8","env":"local","level":"INFO","consoleLevel":"INFO","disableConsoleAfterReady":false,"outputJSON":false,"buffer":true,"appLogName":"egg-2.x--web.log","coreLogName":"egg-web.log","agentLogName":"egg-agent.log","errorLogName":"common-error.log","coreLogger":{"consoleLevel":"WARN"},"allowDebugAtProd":false,"type":"application"}
2019-04-12 14:50:20,588 INFO 11800 [egg-multipart] stream mode enable
2019-04-12 14:50:20,661 INFO 11800 [egg-static] starting static serve /public/ -> E:\GitHub\egg-2.x-\app\public
2019-04-12 14:50:20,663 INFO 11800 [egg-security] use methodnoallow middleware
2019-04-12 14:50:20,664 INFO 11800 [egg-security] use noopen middleware
2019-04-12 14:50:20,665 INFO 11800 [egg-security] use nosniff middleware
2019-04-12 14:50:20,666 INFO 11800 [egg-security] use xssProtection middleware
2019-04-12 14:50:20,666 INFO 11800 [egg-security] use xframe middleware
2019-04-12 14:50:20,666 INFO 11800 [egg-security] use dta middleware
2019-04-12 14:50:20,666 INFO 11800 [egg-security] compose 6 middlewares into one security middleware
2019-04-12 14:50:20,677 INFO 11800 [egg:core] dump config after load, 4ms
2019-04-12 14:50:20,686 INFO 11800 [egg-watcher:application] watcher start success
2019-04-12 14:50:20,691 INFO 11800 [egg:core] dump config after ready, 3ms
2019-04-12 14:50:22,614 INFO 9672 [egg:logger] init all loggers with options: {"dir":"E:\\GitHub\\egg-2.x-\\logs\\egg-2.x-","encoding":"utf8","env":"local","level":"INFO","consoleLevel":"INFO","disableConsoleAfterReady":false,"outputJSON":false,"buffer":true,"appLogName":"egg-2.x--web.log","coreLogName":"egg-web.log","agentLogName":"egg-agent.log","errorLogName":"common-error.log","coreLogger":{"consoleLevel":"WARN"},"allowDebugAtProd":false,"type":"application"}
2019-04-12 14:50:22,640 INFO 9672 [egg-multipart] stream mode enable
2019-04-12 14:50:22,712 INFO 9672 [egg-static] starting static serve /public/ -> E:\GitHub\egg-2.x-\app\public
2019-04-12 14:50:22,714 INFO 9672 [egg-security] use methodnoallow middleware
2019-04-12 14:50:22,715 INFO 9672 [egg-security] use noopen middleware
2019-04-12 14:50:22,716 INFO 9672 [egg-security] use nosniff middleware
2019-04-12 14:50:22,716 INFO 9672 [egg-security] use xssProtection middleware
2019-04-12 14:50:22,717 INFO 9672 [egg-security] use xframe middleware
2019-04-12 14:50:22,717 INFO 9672 [egg-security] use dta middleware
2019-04-12 14:50:22,717 INFO 9672 [egg-security] compose 6 middlewares into one security middleware
2019-04-12 14:50:22,728 INFO 9672 [egg:core] dump config after load, 5ms
2019-04-12 14:50:22,738 INFO 9672 [egg-watcher:application] watcher start success
2019-04-12 14:50:22,743 INFO 9672 [egg:core] dump config after ready, 3ms
2019-04-12 14:50:27,206 INFO 10572 [egg:logger] init all loggers with options: {"dir":"E:\\GitHub\\egg-2.x-\\logs\\egg-2.x-","encoding":"utf8","env":"local","level":"INFO","consoleLevel":"INFO","disableConsoleAfterReady":false,"outputJSON":false,"buffer":true,"appLogName":"egg-2.x--web.log","coreLogName":"egg-web.log","agentLogName":"egg-agent.log","errorLogName":"common-error.log","coreLogger":{"consoleLevel":"WARN"},"allowDebugAtProd":false,"type":"application"}
2019-04-12 14:50:27,231 INFO 10572 [egg-multipart] stream mode enable
2019-04-12 14:50:27,302 INFO 10572 [egg-static] starting static serve /public/ -> E:\GitHub\egg-2.x-\app\public
2019-04-12 14:50:27,304 INFO 10572 [egg-security] use methodnoallow middleware
2019-04-12 14:50:27,305 INFO 10572 [egg-security] use noopen middleware
2019-04-12 14:50:27,306 INFO 10572 [egg-security] use nosniff middleware
2019-04-12 14:50:27,307 INFO 10572 [egg-security] use xssProtection middleware
2019-04-12 14:50:27,307 INFO 10572 [egg-security] use xframe middleware
2019-04-12 14:50:27,307 INFO 10572 [egg-security] use dta middleware
2019-04-12 14:50:27,307 INFO 10572 [egg-security] compose 6 middlewares into one security middleware
2019-04-12 14:50:27,319 INFO 10572 [egg:core] dump config after load, 5ms
2019-04-12 14:50:27,328 INFO 10572 [egg-watcher:application] watcher start success
2019-04-12 14:50:27,335 INFO 10572 [egg:core] dump config after ready, 5ms
2019-04-12 14:50:28,250 INFO 11764 [egg:logger] init all loggers with options: {"dir":"E:\\GitHub\\egg-2.x-\\logs\\egg-2.x-","encoding":"utf8","env":"local","level":"INFO","consoleLevel":"INFO","disableConsoleAfterReady":false,"outputJSON":false,"buffer":true,"appLogName":"egg-2.x--web.log","coreLogName":"egg-web.log","agentLogName":"egg-agent.log","errorLogName":"common-error.log","coreLogger":{"consoleLevel":"WARN"},"allowDebugAtProd":false,"type":"application"}
2019-04-12 14:50:28,276 INFO 11764 [egg-multipart] stream mode enable
2019-04-12 14:50:28,353 INFO 11764 [egg-static] starting static serve /public/ -> E:\GitHub\egg-2.x-\app\public
2019-04-12 14:50:28,355 INFO 11764 [egg-security] use methodnoallow middleware
2019-04-12 14:50:28,356 INFO 11764 [egg-security] use noopen middleware
2019-04-12 14:50:28,357 INFO 11764 [egg-security] use nosniff middleware
2019-04-12 14:50:28,358 INFO 11764 [egg-security] use xssProtection middleware
2019-04-12 14:50:28,358 INFO 11764 [egg-security] use xframe middleware
2019-04-12 14:50:28,359 INFO 11764 [egg-security] use dta middleware
2019-04-12 14:50:28,359 INFO 11764 [egg-security] compose 6 middlewares into one security middleware
2019-04-12 14:50:28,370 INFO 11764 [egg:core] dump config after load, 5ms
2019-04-12 14:50:28,380 INFO 11764 [egg-watcher:application] watcher start success
2019-04-12 14:50:28,385 INFO 11764 [egg:core] dump config after ready, 3ms
2019-04-12 14:50:29,410 INFO 11764 [egg-view-nunjucks] loading templates from ["E:\\GitHub\\egg-2.x-\\app\\view"]
2019-04-12 14:53:24,730 INFO 10164 [egg:logger] init all loggers with options: {"dir":"E:\\GitHub\\egg-2.x-\\logs\\egg-2.x-","encoding":"utf8","env":"local","level":"INFO","consoleLevel":"INFO","disableConsoleAfterReady":false,"outputJSON":false,"buffer":true,"appLogName":"egg-2.x--web.log","coreLogName":"egg-web.log","agentLogName":"egg-agent.log","errorLogName":"common-error.log","coreLogger":{"consoleLevel":"WARN"},"allowDebugAtProd":false,"type":"application"}
2019-04-12 14:53:24,757 INFO 10164 [egg-multipart] stream mode enable
2019-04-12 14:53:24,837 INFO 10164 [egg-static] starting static serve /public/ -> E:\GitHub\egg-2.x-\app\public
2019-04-12 14:53:24,839 INFO 10164 [egg-security] use methodnoallow middleware
2019-04-12 14:53:24,840 INFO 10164 [egg-security] use noopen middleware
2019-04-12 14:53:24,841 INFO 10164 [egg-security] use nosniff middleware
2019-04-12 14:53:24,842 INFO 10164 [egg-security] use xssProtection middleware
2019-04-12 14:53:24,842 INFO 10164 [egg-security] use xframe middleware
2019-04-12 14:53:24,843 INFO 10164 [egg-security] use dta middleware
2019-04-12 14:53:24,843 INFO 10164 [egg-security] compose 6 middlewares into one security middleware
2019-04-12 14:53:24,853 INFO 10164 [egg:core] dump config after load, 4ms
2019-04-12 14:53:24,862 INFO 10164 [egg-watcher:application] watcher start success
2019-04-12 14:53:24,868 INFO 10164 [egg:core] dump config after ready, 4ms
2019-04-12 14:55:45,055 INFO 6856 [egg:logger] init all loggers with options: {"dir":"E:\\GitHub\\egg-2.x-\\logs\\egg-2.x-","encoding":"utf8","env":"local","level":"INFO","consoleLevel":"INFO","disableConsoleAfterReady":false,"outputJSON":false,"buffer":true,"appLogName":"egg-2.x--web.log","coreLogName":"egg-web.log","agentLogName":"egg-agent.log","errorLogName":"common-error.log","coreLogger":{"consoleLevel":"WARN"},"allowDebugAtProd":false,"type":"application"}
2019-04-12 14:55:45,088 INFO 6856 [egg-multipart] stream mode enable
2019-04-12 14:55:45,167 INFO 6856 [egg-static] starting static serve /public/ -> E:\GitHub\egg-2.x-\app\public
2019-04-12 14:55:45,170 INFO 6856 [egg-security] use methodnoallow middleware
2019-04-12 14:55:45,170 INFO 6856 [egg-security] use noopen middleware
2019-04-12 14:55:45,172 INFO 6856 [egg-security] use nosniff middleware
2019-04-12 14:55:45,173 INFO 6856 [egg-security] use xssProtection middleware
2019-04-12 14:55:45,173 INFO 6856 [egg-security] use xframe middleware
2019-04-12 14:55:45,174 INFO 6856 [egg-security] use dta middleware
2019-04-12 14:55:45,174 INFO 6856 [egg-security] compose 6 middlewares into one security middleware
2019-04-12 14:55:45,184 INFO 6856 [egg:core] dump config after load, 4ms
2019-04-12 14:55:45,193 INFO 6856 [egg-watcher:application] watcher start success
2019-04-12 14:55:45,198 INFO 6856 [egg:core] dump config after ready, 4ms
2019-04-12 14:56:06,191 INFO 4660 [egg:logger] init all loggers with options: {"dir":"E:\\GitHub\\egg-2.x-\\logs\\egg-2.x-","encoding":"utf8","env":"local","level":"INFO","consoleLevel":"INFO","disableConsoleAfterReady":false,"outputJSON":false,"buffer":true,"appLogName":"egg-2.x--web.log","coreLogName":"egg-web.log","agentLogName":"egg-agent.log","errorLogName":"common-error.log","coreLogger":{"consoleLevel":"WARN"},"allowDebugAtProd":false,"type":"application"}
2019-04-12 14:56:06,220 INFO 4660 [egg-multipart] stream mode enable
2019-04-12 14:56:06,296 INFO 4660 [egg-static] starting static serve /public/ -> E:\GitHub\egg-2.x-\app\public
2019-04-12 14:56:06,298 INFO 4660 [egg-security] use methodnoallow middleware
2019-04-12 14:56:06,299 INFO 4660 [egg-security] use noopen middleware
2019-04-12 14:56:06,300 INFO 4660 [egg-security] use nosniff middleware
2019-04-12 14:56:06,301 INFO 4660 [egg-security] use xssProtection middleware
2019-04-12 14:56:06,302 INFO 4660 [egg-security] use xframe middleware
2019-04-12 14:56:06,302 INFO 4660 [egg-security] use dta middleware
2019-04-12 14:56:06,302 INFO 4660 [egg-security] compose 6 middlewares into one security middleware
2019-04-12 14:56:06,313 INFO 4660 [egg:core] dump config after load, 4ms
2019-04-12 14:56:06,323 INFO 4660 [egg-watcher:application] watcher start success
2019-04-12 14:56:06,329 INFO 4660 [egg:core] dump config after ready, 4ms
2019-04-12 14:56:11,479 INFO 3060 [egg:logger] init all loggers with options: {"dir":"E:\\GitHub\\egg-2.x-\\logs\\egg-2.x-","encoding":"utf8","env":"local","level":"INFO","consoleLevel":"INFO","disableConsoleAfterReady":false,"outputJSON":false,"buffer":true,"appLogName":"egg-2.x--web.log","coreLogName":"egg-web.log","agentLogName":"egg-agent.log","errorLogName":"common-error.log","coreLogger":{"consoleLevel":"WARN"},"allowDebugAtProd":false,"type":"application"}
2019-04-12 14:56:11,506 INFO 3060 [egg-multipart] stream mode enable
2019-04-12 14:56:11,577 INFO 3060 [egg-static] starting static serve /public/ -> E:\GitHub\egg-2.x-\app\public
2019-04-12 14:56:11,580 INFO 3060 [egg-security] use methodnoallow middleware
2019-04-12 14:56:11,580 INFO 3060 [egg-security] use noopen middleware
2019-04-12 14:56:11,581 INFO 3060 [egg-security] use nosniff middleware
2019-04-12 14:56:11,582 INFO 3060 [egg-security] use xssProtection middleware
2019-04-12 14:56:11,582 INFO 3060 [egg-security] use xframe middleware
2019-04-12 14:56:11,583 INFO 3060 [egg-security] use dta middleware
2019-04-12 14:56:11,583 INFO 3060 [egg-security] compose 6 middlewares into one security middleware
2019-04-12 14:56:11,595 INFO 3060 [egg:core] dump config after load, 5ms
2019-04-12 14:56:11,604 INFO 3060 [egg-watcher:application] watcher start success
2019-04-12 14:56:11,611 INFO 3060 [egg:core] dump config after ready, 5ms
2019-04-12 14:56:13,190 INFO 11828 [egg:logger] init all loggers with options: {"dir":"E:\\GitHub\\egg-2.x-\\logs\\egg-2.x-","encoding":"utf8","env":"local","level":"INFO","consoleLevel":"INFO","disableConsoleAfterReady":false,"outputJSON":false,"buffer":true,"appLogName":"egg-2.x--web.log","coreLogName":"egg-web.log","agentLogName":"egg-agent.log","errorLogName":"common-error.log","coreLogger":{"consoleLevel":"WARN"},"allowDebugAtProd":false,"type":"application"}
2019-04-12 14:56:13,217 INFO 11828 [egg-multipart] stream mode enable
2019-04-12 14:56:13,288 INFO 11828 [egg-static] starting static serve /public/ -> E:\GitHub\egg-2.x-\app\public
2019-04-12 14:56:13,290 INFO 11828 [egg-security] use methodnoallow middleware
2019-04-12 14:56:13,291 INFO 11828 [egg-security] use noopen middleware
2019-04-12 14:56:13,292 INFO 11828 [egg-security] use nosniff middleware
2019-04-12 14:56:13,293 INFO 11828 [egg-security] use xssProtection middleware
2019-04-12 14:56:13,293 INFO 11828 [egg-security] use xframe middleware
2019-04-12 14:56:13,294 INFO 11828 [egg-security] use dta middleware
2019-04-12 14:56:13,294 INFO 11828 [egg-security] compose 6 middlewares into one security middleware
2019-04-12 14:56:13,304 INFO 11828 [egg:core] dump config after load, 5ms
2019-04-12 14:56:13,313 INFO 11828 [egg-watcher:application] watcher start success
2019-04-12 14:56:13,319 INFO 11828 [egg:core] dump config after ready, 4ms
2019-04-12 14:56:14,192 INFO 9392 [egg:logger] init all loggers with options: {"dir":"E:\\GitHub\\egg-2.x-\\logs\\egg-2.x-","encoding":"utf8","env":"local","level":"INFO","consoleLevel":"INFO","disableConsoleAfterReady":false,"outputJSON":false,"buffer":true,"appLogName":"egg-2.x--web.log","coreLogName":"egg-web.log","agentLogName":"egg-agent.log","errorLogName":"common-error.log","coreLogger":{"consoleLevel":"WARN"},"allowDebugAtProd":false,"type":"application"}
2019-04-12 14:56:14,219 INFO 9392 [egg-multipart] stream mode enable
2019-04-12 14:56:14,290 INFO 9392 [egg-static] starting static serve /public/ -> E:\GitHub\egg-2.x-\app\public
2019-04-12 14:56:14,293 INFO 9392 [egg-security] use methodnoallow middleware
2019-04-12 14:56:14,293 INFO 9392 [egg-security] use noopen middleware
2019-04-12 14:56:14,294 INFO 9392 [egg-security] use nosniff middleware
2019-04-12 14:56:14,295 INFO 9392 [egg-security] use xssProtection middleware
2019-04-12 14:56:14,296 INFO 9392 [egg-security] use xframe middleware
2019-04-12 14:56:14,296 INFO 9392 [egg-security] use dta middleware
2019-04-12 14:56:14,296 INFO 9392 [egg-security] compose 6 middlewares into one security middleware
2019-04-12 14:56:14,307 INFO 9392 [egg:core] dump config after load, 5ms
2019-04-12 14:56:14,317 INFO 9392 [egg-watcher:application] watcher start success
2019-04-12 14:56:14,323 INFO 9392 [egg:core] dump config after ready, 4ms
2019-04-12 14:56:36,568 INFO 3136 [egg:logger] init all loggers with options: {"dir":"E:\\GitHub\\egg-2.x-\\logs\\egg-2.x-","encoding":"utf8","env":"local","level":"INFO","consoleLevel":"INFO","disableConsoleAfterReady":false,"outputJSON":false,"buffer":true,"appLogName":"egg-2.x--web.log","coreLogName":"egg-web.log","agentLogName":"egg-agent.log","errorLogName":"common-error.log","coreLogger":{"consoleLevel":"WARN"},"allowDebugAtProd":false,"type":"application"}
2019-04-12 14:56:36,597 INFO 3136 [egg-multipart] stream mode enable
2019-04-12 14:56:36,673 INFO 3136 [egg-static] starting static serve /public/ -> E:\GitHub\egg-2.x-\app\public
2019-04-12 14:56:36,676 INFO 3136 [egg-security] use methodnoallow middleware
2019-04-12 14:56:36,677 INFO 3136 [egg-security] use noopen middleware
2019-04-12 14:56:36,678 INFO 3136 [egg-security] use nosniff middleware
2019-04-12 14:56:36,678 INFO 3136 [egg-security] use xssProtection middleware
2019-04-12 14:56:36,679 INFO 3136 [egg-security] use xframe middleware
2019-04-12 14:56:36,679 INFO 3136 [egg-security] use dta middleware
2019-04-12 14:56:36,679 INFO 3136 [egg-security] compose 6 middlewares into one security middleware
2019-04-12 14:56:36,689 INFO 3136 [egg:core] dump config after load, 4ms
2019-04-12 14:56:36,698 INFO 3136 [egg-watcher:application] watcher start success
2019-04-12 14:56:36,703 INFO 3136 [egg:core] dump config after ready, 3ms
2019-04-12 14:57:58,265 INFO 9256 [egg:logger] init all loggers with options: {"dir":"E:\\GitHub\\egg-2.x-\\logs\\egg-2.x-","encoding":"utf8","env":"local","level":"INFO","consoleLevel":"INFO","disableConsoleAfterReady":false,"outputJSON":false,"buffer":true,"appLogName":"egg-2.x--web.log","coreLogName":"egg-web.log","agentLogName":"egg-agent.log","errorLogName":"common-error.log","coreLogger":{"consoleLevel":"WARN"},"allowDebugAtProd":false,"type":"application"}
2019-04-12 14:57:58,291 INFO 9256 [egg-multipart] stream mode enable
2019-04-12 14:57:58,363 INFO 9256 [egg-static] starting static serve /public/ -> E:\GitHub\egg-2.x-\app\public
2019-04-12 14:57:58,365 INFO 9256 [egg-security] use methodnoallow middleware
2019-04-12 14:57:58,366 INFO 9256 [egg-security] use noopen middleware
2019-04-12 14:57:58,367 INFO 9256 [egg-security] use nosniff middleware
2019-04-12 14:57:58,368 INFO 9256 [egg-security] use xssProtection middleware
2019-04-12 14:57:58,368 INFO 9256 [egg-security] use xframe middleware
2019-04-12 14:57:58,368 INFO 9256 [egg-security] use dta middleware
2019-04-12 14:57:58,369 INFO 9256 [egg-security] compose 6 middlewares into one security middleware
2019-04-12 14:57:58,379 INFO 9256 [egg:core] dump config after load, 4ms
2019-04-12 14:57:58,388 INFO 9256 [egg-watcher:application] watcher start success
2019-04-12 14:57:58,394 INFO 9256 [egg:core] dump config after ready, 4ms
2019-04-12 14:57:59,267 INFO 7632 [egg:logger] init all loggers with options: {"dir":"E:\\GitHub\\egg-2.x-\\logs\\egg-2.x-","encoding":"utf8","env":"local","level":"INFO","consoleLevel":"INFO","disableConsoleAfterReady":false,"outputJSON":false,"buffer":true,"appLogName":"egg-2.x--web.log","coreLogName":"egg-web.log","agentLogName":"egg-agent.log","errorLogName":"common-error.log","coreLogger":{"consoleLevel":"WARN"},"allowDebugAtProd":false,"type":"application"}
2019-04-12 14:57:59,293 INFO 7632 [egg-multipart] stream mode enable
2019-04-12 14:57:59,364 INFO 7632 [egg-static] starting static serve /public/ -> E:\GitHub\egg-2.x-\app\public
2019-04-12 14:57:59,367 INFO 7632 [egg-security] use methodnoallow middleware
2019-04-12 14:57:59,368 INFO 7632 [egg-security] use noopen middleware
2019-04-12 14:57:59,369 INFO 7632 [egg-security] use nosniff middleware
2019-04-12 14:57:59,370 INFO 7632 [egg-security] use xssProtection middleware
2019-04-12 14:57:59,370 INFO 7632 [egg-security] use xframe middleware
2019-04-12 14:57:59,371 INFO 7632 [egg-security] use dta middleware
2019-04-12 14:57:59,371 INFO 7632 [egg-security] compose 6 middlewares into one security middleware
2019-04-12 14:57:59,381 INFO 7632 [egg:core] dump config after load, 4ms
2019-04-12 14:57:59,391 INFO 7632 [egg-watcher:application] watcher start success
2019-04-12 14:57:59,396 INFO 7632 [egg:core] dump config after ready, 3ms
2019-04-12 14:58:00,794 INFO 8016 [egg:logger] init all loggers with options: {"dir":"E:\\GitHub\\egg-2.x-\\logs\\egg-2.x-","encoding":"utf8","env":"local","level":"INFO","consoleLevel":"INFO","disableConsoleAfterReady":false,"outputJSON":false,"buffer":true,"appLogName":"egg-2.x--web.log","coreLogName":"egg-web.log","agentLogName":"egg-agent.log","errorLogName":"common-error.log","coreLogger":{"consoleLevel":"WARN"},"allowDebugAtProd":false,"type":"application"}
2019-04-12 14:58:00,821 INFO 8016 [egg-multipart] stream mode enable
2019-04-12 14:58:00,894 INFO 8016 [egg-static] starting static serve /public/ -> E:\GitHub\egg-2.x-\app\public
2019-04-12 14:58:00,897 INFO 8016 [egg-security] use methodnoallow middleware
2019-04-12 14:58:00,898 INFO 8016 [egg-security] use noopen middleware
2019-04-12 14:58:00,899 INFO 8016 [egg-security] use nosniff middleware
2019-04-12 14:58:00,899 INFO 8016 [egg-security] use xssProtection middleware
2019-04-12 14:58:00,900 INFO 8016 [egg-security] use xframe middleware
2019-04-12 14:58:00,900 INFO 8016 [egg-security] use dta middleware
2019-04-12 14:58:00,900 INFO 8016 [egg-security] compose 6 middlewares into one security middleware
2019-04-12 14:58:00,911 INFO 8016 [egg:core] dump config after load, 4ms
2019-04-12 14:58:00,921 INFO 8016 [egg-watcher:application] watcher start success
2019-04-12 14:58:00,927 INFO 8016 [egg:core] dump config after ready, 4ms
2019-04-12 14:58:01,471 INFO 8016 [egg-view-nunjucks] loading templates from ["E:\\GitHub\\egg-2.x-\\app\\view"]
2019-04-12 14:58:01,821 INFO 7780 [egg:logger] init all loggers with options: {"dir":"E:\\GitHub\\egg-2.x-\\logs\\egg-2.x-","encoding":"utf8","env":"local","level":"INFO","consoleLevel":"INFO","disableConsoleAfterReady":false,"outputJSON":false,"buffer":true,"appLogName":"egg-2.x--web.log","coreLogName":"egg-web.log","agentLogName":"egg-agent.log","errorLogName":"common-error.log","coreLogger":{"consoleLevel":"WARN"},"allowDebugAtProd":false,"type":"application"}
2019-04-12 14:58:01,848 INFO 7780 [egg-multipart] stream mode enable
2019-04-12 14:58:01,920 INFO 7780 [egg-static] starting static serve /public/ -> E:\GitHub\egg-2.x-\app\public
2019-04-12 14:58:01,923 INFO 7780 [egg-security] use methodnoallow middleware
2019-04-12 14:58:01,923 INFO 7780 [egg-security] use noopen middleware
2019-04-12 14:58:01,925 INFO 7780 [egg-security] use nosniff middleware
2019-04-12 14:58:01,926 INFO 7780 [egg-security] use xssProtection middleware
2019-04-12 14:58:01,926 INFO 7780 [egg-security] use xframe middleware
2019-04-12 14:58:01,927 INFO 7780 [egg-security] use dta middleware
2019-04-12 14:58:01,927 INFO 7780 [egg-security] compose 6 middlewares into one security middleware
2019-04-12 14:58:01,938 INFO 7780 [egg:core] dump config after load, 5ms
2019-04-12 14:58:01,948 INFO 7780 [egg-watcher:application] watcher start success
2019-04-12 14:58:01,954 INFO 7780 [egg:core] dump config after ready, 5ms
2019-04-12 14:58:15,527 INFO 7780 [egg-view-nunjucks] loading templates from ["E:\\GitHub\\egg-2.x-\\app\\view"]
2019-04-12 14:58:48,454 INFO 10772 [egg:logger] init all loggers with options: {"dir":"E:\\GitHub\\egg-2.x-\\logs\\egg-2.x-","encoding":"utf8","env":"local","level":"INFO","consoleLevel":"INFO","disableConsoleAfterReady":false,"outputJSON":false,"buffer":true,"appLogName":"egg-2.x--web.log","coreLogName":"egg-web.log","agentLogName":"egg-agent.log","errorLogName":"common-error.log","coreLogger":{"consoleLevel":"WARN"},"allowDebugAtProd":false,"type":"application"}
2019-04-12 14:58:48,481 INFO 10772 [egg-multipart] stream mode enable
2019-04-12 14:58:48,565 INFO 10772 [egg-static] starting static serve /public/ -> E:\GitHub\egg-2.x-\app\public
2019-04-12 14:58:48,568 INFO 10772 [egg-security] use methodnoallow middleware
2019-04-12 14:58:48,569 INFO 10772 [egg-security] use noopen middleware
2019-04-12 14:58:48,571 INFO 10772 [egg-security] use nosniff middleware
2019-04-12 14:58:48,572 INFO 10772 [egg-security] use xssProtection middleware
2019-04-12 14:58:48,572 INFO 10772 [egg-security] use xframe middleware
2019-04-12 14:58:48,572 INFO 10772 [egg-security] use dta middleware
2019-04-12 14:58:48,572 INFO 10772 [egg-security] compose 6 middlewares into one security middleware
2019-04-12 14:58:48,583 INFO 10772 [egg:core] dump config after load, 4ms
2019-04-12 14:58:48,593 INFO 10772 [egg-watcher:application] watcher start success
2019-04-12 14:58:48,599 INFO 10772 [egg:core] dump config after ready, 4ms
2019-04-12 14:58:49,005 INFO 10772 [egg-view-nunjucks] loading templates from ["E:\\GitHub\\egg-2.x-\\app\\view"]
2019-04-12 14:58:49,522 INFO 5112 [egg:logger] init all loggers with options: {"dir":"E:\\GitHub\\egg-2.x-\\logs\\egg-2.x-","encoding":"utf8","env":"local","level":"INFO","consoleLevel":"INFO","disableConsoleAfterReady":false,"outputJSON":false,"buffer":true,"appLogName":"egg-2.x--web.log","coreLogName":"egg-web.log","agentLogName":"egg-agent.log","errorLogName":"common-error.log","coreLogger":{"consoleLevel":"WARN"},"allowDebugAtProd":false,"type":"application"}
2019-04-12 14:58:49,548 INFO 5112 [egg-multipart] stream mode enable
2019-04-12 14:58:49,619 INFO 5112 [egg-static] starting static serve /public/ -> E:\GitHub\egg-2.x-\app\public
2019-04-12 14:58:49,621 INFO 5112 [egg-security] use methodnoallow middleware
2019-04-12 14:58:49,622 INFO 5112 [egg-security] use noopen middleware
2019-04-12 14:58:49,623 INFO 5112 [egg-security] use nosniff middleware
2019-04-12 14:58:49,623 INFO 5112 [egg-security] use xssProtection middleware
2019-04-12 14:58:49,624 INFO 5112 [egg-security] use xframe middleware
2019-04-12 14:58:49,624 INFO 5112 [egg-security] use dta middleware
2019-04-12 14:58:49,624 INFO 5112 [egg-security] compose 6 middlewares into one security middleware
2019-04-12 14:58:49,635 INFO 5112 [egg:core] dump config after load, 5ms
2019-04-12 14:58:49,663 INFO 5112 [egg-watcher:application] watcher start success
2019-04-12 14:58:49,669 INFO 5112 [egg:core] dump config after ready, 5ms
2019-04-12 14:58:50,260 INFO 5112 [egg-view-nunjucks] loading templates from ["E:\\GitHub\\egg-2.x-\\app\\view"]
2019-04-12 15:01:32,016 INFO 10356 [egg:logger] init all loggers with options: {"dir":"E:\\GitHub\\egg-2.x-\\logs\\egg-2.x-","encoding":"utf8","env":"local","level":"INFO","consoleLevel":"INFO","disableConsoleAfterReady":false,"outputJSON":false,"buffer":true,"appLogName":"egg-2.x--web.log","coreLogName":"egg-web.log","agentLogName":"egg-agent.log","errorLogName":"common-error.log","coreLogger":{"consoleLevel":"WARN"},"allowDebugAtProd":false,"type":"application"}
2019-04-12 15:01:32,043 INFO 10356 [egg-multipart] stream mode enable
2019-04-12 15:01:32,118 INFO 10356 [egg-static] starting static serve /public/ -> E:\GitHub\egg-2.x-\app\public
2019-04-12 15:01:32,121 INFO 10356 [egg-security] use methodnoallow middleware
2019-04-12 15:01:32,122 INFO 10356 [egg-security] use noopen middleware
2019-04-12 15:01:32,123 INFO 10356 [egg-security] use nosniff middleware
2019-04-12 15:01:32,124 INFO 10356 [egg-security] use xssProtection middleware
2019-04-12 15:01:32,125 INFO 10356 [egg-security] use xframe middleware
2019-04-12 15:01:32,125 INFO 10356 [egg-security] use dta middleware
2019-04-12 15:01:32,125 INFO 10356 [egg-security] compose 6 middlewares into one security middleware
2019-04-12 15:01:32,135 INFO 10356 [egg:core] dump config after load, 4ms
2019-04-12 15:01:32,146 INFO 10356 [egg-watcher:application] watcher start success
2019-04-12 15:01:32,151 INFO 10356 [egg:core] dump config after ready, 4ms
2019-04-12 15:01:32,821 INFO 10356 [egg-view-nunjucks] loading templates from ["E:\\GitHub\\egg-2.x-\\app\\view"]
2019-04-12 15:01:33,056 INFO 11044 [egg:logger] init all loggers with options: {"dir":"E:\\GitHub\\egg-2.x-\\logs\\egg-2.x-","encoding":"utf8","env":"local","level":"INFO","consoleLevel":"INFO","disableConsoleAfterReady":false,"outputJSON":false,"buffer":true,"appLogName":"egg-2.x--web.log","coreLogName":"egg-web.log","agentLogName":"egg-agent.log","errorLogName":"common-error.log","coreLogger":{"consoleLevel":"WARN"},"allowDebugAtProd":false,"type":"application"}
2019-04-12 15:01:33,082 INFO 11044 [egg-multipart] stream mode enable
2019-04-12 15:01:33,150 INFO 11044 [egg-static] starting static serve /public/ -> E:\GitHub\egg-2.x-\app\public
2019-04-12 15:01:33,153 INFO 11044 [egg-security] use methodnoallow middleware
2019-04-12 15:01:33,153 INFO 11044 [egg-security] use noopen middleware
2019-04-12 15:01:33,154 INFO 11044 [egg-security] use nosniff middleware
2019-04-12 15:01:33,155 INFO 11044 [egg-security] use xssProtection middleware
2019-04-12 15:01:33,155 INFO 11044 [egg-security] use xframe middleware
2019-04-12 15:01:33,156 INFO 11044 [egg-security] use dta middleware
2019-04-12 15:01:33,156 INFO 11044 [egg-security] compose 6 middlewares into one security middleware
2019-04-12 15:01:33,167 INFO 11044 [egg:core] dump config after load, 4ms
2019-04-12 15:01:33,177 INFO 11044 [egg-watcher:application] watcher start success
2019-04-12 15:01:33,182 INFO 11044 [egg:core] dump config after ready, 4ms
2019-04-12 15:01:33,905 INFO 11044 [egg-view-nunjucks] loading templates from ["E:\\GitHub\\egg-2.x-\\app\\view"]
2019-04-12 15:06:18,972 INFO 11428 [egg:logger] init all loggers with options: {"dir":"E:\\GitHub\\egg-2.x-\\logs\\egg-2.x-","encoding":"utf8","env":"local","level":"INFO","consoleLevel":"INFO","disableConsoleAfterReady":false,"outputJSON":false,"buffer":true,"appLogName":"egg-2.x--web.log","coreLogName":"egg-web.log","agentLogName":"egg-agent.log","errorLogName":"common-error.log","coreLogger":{"consoleLevel":"WARN"},"allowDebugAtProd":false,"type":"application"}
2019-04-12 15:06:19,002 INFO 11428 [egg-multipart] stream mode enable
2019-04-12 15:06:19,087 INFO 11428 [egg-static] starting static serve /public/ -> E:\GitHub\egg-2.x-\app\public
2019-04-12 15:06:19,090 INFO 11428 [egg-security] use methodnoallow middleware
2019-04-12 15:06:19,091 INFO 11428 [egg-security] use noopen middleware
2019-04-12 15:06:19,093 INFO 11428 [egg-security] use nosniff middleware
2019-04-12 15:06:19,094 INFO 11428 [egg-security] use xssProtection middleware
2019-04-12 15:06:19,094 INFO 11428 [egg-security] use xframe middleware
2019-04-12 15:06:19,095 INFO 11428 [egg-security] use dta middleware
2019-04-12 15:06:19,095 INFO 11428 [egg-security] compose 6 middlewares into one security middleware
2019-04-12 15:06:19,105 INFO 11428 [egg:core] dump config after load, 5ms
2019-04-12 15:06:19,114 INFO 11428 [egg-watcher:application] watcher start success
2019-04-12 15:06:19,120 INFO 11428 [egg:core] dump config after ready, 4ms
2019-04-12 15:06:19,976 INFO 11428 [egg-view-nunjucks] loading templates from ["E:\\GitHub\\egg-2.x-\\app\\view"]
2019-04-12 15:10:44,137 INFO 6800 [egg:logger] init all loggers with options: {"dir":"E:\\GitHub\\egg-2.x-\\logs\\egg-2.x-","encoding":"utf8","env":"local","level":"INFO","consoleLevel":"INFO","disableConsoleAfterReady":false,"outputJSON":false,"buffer":true,"appLogName":"egg-2.x--web.log","coreLogName":"egg-web.log","agentLogName":"egg-agent.log","errorLogName":"common-error.log","coreLogger":{"consoleLevel":"WARN"},"allowDebugAtProd":false,"type":"application"}
2019-04-12 15:10:44,163 INFO 6800 [egg-multipart] stream mode enable
2019-04-12 15:10:44,232 INFO 6800 [egg-static] starting static serve /public/ -> E:\GitHub\egg-2.x-\app\public
2019-04-12 15:10:44,235 INFO 6800 [egg-security] use methodnoallow middleware
2019-04-12 15:10:44,235 INFO 6800 [egg-security] use noopen middleware
2019-04-12 15:10:44,236 INFO 6800 [egg-security] use nosniff middleware
2019-04-12 15:10:44,237 INFO 6800 [egg-security] use xssProtection middleware
2019-04-12 15:10:44,238 INFO 6800 [egg-security] use xframe middleware
2019-04-12 15:10:44,238 INFO 6800 [egg-security] use dta middleware
2019-04-12 15:10:44,238 INFO 6800 [egg-security] compose 6 middlewares into one security middleware
2019-04-12 15:10:44,248 INFO 6800 [egg:core] dump config after load, 4ms
2019-04-12 15:10:44,260 INFO 6800 [egg-watcher:application] watcher start success
2019-04-12 15:10:44,266 INFO 6800 [egg:core] dump config after ready, 4ms
2019-04-12 15:10:46,756 INFO 6800 [egg-view-nunjucks] loading templates from ["E:\\GitHub\\egg-2.x-\\app\\view"]
2019-04-12 15:38:49,649 INFO 6980 [egg:logger] init all loggers with options: {"dir":"E:\\GitHub\\egg-2.x-\\logs\\egg-2.x-","encoding":"utf8","env":"local","level":"INFO","consoleLevel":"INFO","disableConsoleAfterReady":false,"outputJSON":false,"buffer":true,"appLogName":"egg-2.x--web.log","coreLogName":"egg-web.log","agentLogName":"egg-agent.log","errorLogName":"common-error.log","coreLogger":{"consoleLevel":"WARN"},"allowDebugAtProd":false,"type":"application"}
2019-04-12 15:38:49,674 INFO 6980 [egg-multipart] stream mode enable
2019-04-12 15:38:49,742 INFO 6980 [egg-static] starting static serve /public/ -> E:\GitHub\egg-2.x-\app\public
2019-04-12 15:38:49,745 INFO 6980 [egg-security] use methodnoallow middleware
2019-04-12 15:38:49,745 INFO 6980 [egg-security] use noopen middleware
2019-04-12 15:38:49,746 INFO 6980 [egg-security] use nosniff middleware
2019-04-12 15:38:49,747 INFO 6980 [egg-security] use xssProtection middleware
2019-04-12 15:38:49,747 INFO 6980 [egg-security] use xframe middleware
2019-04-12 15:38:49,748 INFO 6980 [egg-security] use dta middleware
2019-04-12 15:38:49,748 INFO 6980 [egg-security] compose 6 middlewares into one security middleware
2019-04-12 15:38:49,759 INFO 6980 [egg:core] dump config after load, 4ms
2019-04-12 15:38:49,770 INFO 6980 [egg-watcher:application] watcher start success
2019-04-12 15:38:49,776 INFO 6980 [egg:core] dump config after ready, 4ms
2019-04-12 15:51:22,108 INFO 6980 [egg-view-nunjucks] loading templates from ["E:\\GitHub\\egg-2.x-\\app\\view"]
2019-04-12 16:05:30,917 INFO 1404 [egg:logger] init all loggers with options: {"dir":"E:\\GitHub\\egg-2.x-\\logs\\egg-2.x-","encoding":"utf8","env":"local","level":"INFO","consoleLevel":"INFO","disableConsoleAfterReady":false,"outputJSON":false,"buffer":true,"appLogName":"egg-2.x--web.log","coreLogName":"egg-web.log","agentLogName":"egg-agent.log","errorLogName":"common-error.log","coreLogger":{"consoleLevel":"WARN"},"allowDebugAtProd":false,"type":"application"}
2019-04-12 16:05:30,943 INFO 1404 [egg-multipart] stream mode enable
2019-04-12 16:05:31,014 INFO 1404 [egg-static] starting static serve /public/ -> E:\GitHub\egg-2.x-\app\public
2019-04-12 16:05:31,017 INFO 1404 [egg-security] use methodnoallow middleware
2019-04-12 16:05:31,017 INFO 1404 [egg-security] use noopen middleware
2019-04-12 16:05:31,018 INFO 1404 [egg-security] use nosniff middleware
2019-04-12 16:05:31,019 INFO 1404 [egg-security] use xssProtection middleware
2019-04-12 16:05:31,019 INFO 1404 [egg-security] use xframe middleware
2019-04-12 16:05:31,020 INFO 1404 [egg-security] use dta middleware
2019-04-12 16:05:31,020 INFO 1404 [egg-security] compose 6 middlewares into one security middleware
2019-04-12 16:05:31,030 INFO 1404 [egg:core] dump config after load, 4ms
2019-04-12 16:05:31,040 INFO 1404 [egg-watcher:application] watcher start success
2019-04-12 16:05:31,045 INFO 1404 [egg:core] dump config after ready, 3ms
2019-04-12 16:05:32,001 INFO 1184 [egg:logger] init all loggers with options: {"dir":"E:\\GitHub\\egg-2.x-\\logs\\egg-2.x-","encoding":"utf8","env":"local","level":"INFO","consoleLevel":"INFO","disableConsoleAfterReady":false,"outputJSON":false,"buffer":true,"appLogName":"egg-2.x--web.log","coreLogName":"egg-web.log","agentLogName":"egg-agent.log","errorLogName":"common-error.log","coreLogger":{"consoleLevel":"WARN"},"allowDebugAtProd":false,"type":"application"}
2019-04-12 16:05:32,027 INFO 1184 [egg-multipart] stream mode enable
2019-04-12 16:05:32,101 INFO 1184 [egg-static] starting static serve /public/ -> E:\GitHub\egg-2.x-\app\public
2019-04-12 16:05:32,103 INFO 1184 [egg-security] use methodnoallow middleware
2019-04-12 16:05:32,104 INFO 1184 [egg-security] use noopen middleware
2019-04-12 16:05:32,105 INFO 1184 [egg-security] use nosniff middleware
2019-04-12 16:05:32,105 INFO 1184 [egg-security] use xssProtection middleware
2019-04-12 16:05:32,106 INFO 1184 [egg-security] use xframe middleware
2019-04-12 16:05:32,106 INFO 1184 [egg-security] use dta middleware
2019-04-12 16:05:32,106 INFO 1184 [egg-security] compose 6 middlewares into one security middleware
2019-04-12 16:05:32,117 INFO 1184 [egg:core] dump config after load, 5ms
2019-04-12 16:05:32,127 INFO 1184 [egg-watcher:application] watcher start success
2019-04-12 16:05:32,133 INFO 1184 [egg:core] dump config after ready, 4ms
2019-04-12 16:06:13,959 INFO 11424 [egg:logger] init all loggers with options: {"dir":"E:\\GitHub\\egg-2.x-\\logs\\egg-2.x-","encoding":"utf8","env":"local","level":"INFO","consoleLevel":"INFO","disableConsoleAfterReady":false,"outputJSON":false,"buffer":true,"appLogName":"egg-2.x--web.log","coreLogName":"egg-web.log","agentLogName":"egg-agent.log","errorLogName":"common-error.log","coreLogger":{"consoleLevel":"WARN"},"allowDebugAtProd":false,"type":"application"}
2019-04-12 16:06:13,987 INFO 11424 [egg-multipart] stream mode enable
2019-04-12 16:06:14,058 INFO 11424 [egg-static] starting static serve /public/ -> E:\GitHub\egg-2.x-\app\public
2019-04-12 16:06:14,061 INFO 11424 [egg-security] use methodnoallow middleware
2019-04-12 16:06:14,061 INFO 11424 [egg-security] use noopen middleware
2019-04-12 16:06:14,062 INFO 11424 [egg-security] use nosniff middleware
2019-04-12 16:06:14,063 INFO 11424 [egg-security] use xssProtection middleware
2019-04-12 16:06:14,063 INFO 11424 [egg-security] use xframe middleware
2019-04-12 16:06:14,064 INFO 11424 [egg-security] use dta middleware
2019-04-12 16:06:14,064 INFO 11424 [egg-security] compose 6 middlewares into one security middleware
2019-04-12 16:06:14,074 INFO 11424 [egg:core] dump config after load, 4ms
2019-04-12 16:06:14,083 INFO 11424 [egg-watcher:application] watcher start success
2019-04-12 16:06:14,089 INFO 11424 [egg:core] dump config after ready, 4ms
2019-04-12 16:06:15,015 INFO 12244 [egg:logger] init all loggers with options: {"dir":"E:\\GitHub\\egg-2.x-\\logs\\egg-2.x-","encoding":"utf8","env":"local","level":"INFO","consoleLevel":"INFO","disableConsoleAfterReady":false,"outputJSON":false,"buffer":true,"appLogName":"egg-2.x--web.log","coreLogName":"egg-web.log","agentLogName":"egg-agent.log","errorLogName":"common-error.log","coreLogger":{"consoleLevel":"WARN"},"allowDebugAtProd":false,"type":"application"}
2019-04-12 16:06:15,040 INFO 12244 [egg-multipart] stream mode enable
2019-04-12 16:06:15,108 INFO 12244 [egg-static] starting static serve /public/ -> E:\GitHub\egg-2.x-\app\public
2019-04-12 16:06:15,111 INFO 12244 [egg-security] use methodnoallow middleware
2019-04-12 16:06:15,111 INFO 12244 [egg-security] use noopen middleware
2019-04-12 16:06:15,112 INFO 12244 [egg-security] use nosniff middleware
2019-04-12 16:06:15,113 INFO 12244 [egg-security] use xssProtection middleware
2019-04-12 16:06:15,114 INFO 12244 [egg-security] use xframe middleware
2019-04-12 16:06:15,114 INFO 12244 [egg-security] use dta middleware
2019-04-12 16:06:15,114 INFO 12244 [egg-security] compose 6 middlewares into one security middleware
2019-04-12 16:06:15,125 INFO 12244 [egg:core] dump config after load, 5ms
2019-04-12 16:06:15,134 INFO 12244 [egg-watcher:application] watcher start success
2019-04-12 16:06:15,140 INFO 12244 [egg:core] dump config after ready, 4ms
2019-04-12 16:06:37,938 INFO 12244 [egg-view-nunjucks] loading templates from ["E:\\GitHub\\egg-2.x-\\app\\view"]
2019-04-12 16:11:02,366 INFO 9180 [egg:logger] init all loggers with options: {"dir":"E:\\GitHub\\egg-2.x-\\logs\\egg-2.x-","encoding":"utf8","env":"local","level":"INFO","consoleLevel":"INFO","disableConsoleAfterReady":false,"outputJSON":false,"buffer":true,"appLogName":"egg-2.x--web.log","coreLogName":"egg-web.log","agentLogName":"egg-agent.log","errorLogName":"common-error.log","coreLogger":{"consoleLevel":"WARN"},"allowDebugAtProd":false,"type":"application"}
2019-04-12 16:11:02,395 INFO 9180 [egg-multipart] stream mode enable
2019-04-12 16:11:02,470 INFO 9180 [egg-static] starting static serve /public/ -> E:\GitHub\egg-2.x-\app\public
2019-04-12 16:11:02,473 INFO 9180 [egg-security] use methodnoallow middleware
2019-04-12 16:11:02,473 INFO 9180 [egg-security] use noopen middleware
2019-04-12 16:11:02,474 INFO 9180 [egg-security] use nosniff middleware
2019-04-12 16:11:02,475 INFO 9180 [egg-security] use xssProtection middleware
2019-04-12 16:11:02,475 INFO 9180 [egg-security] use xframe middleware
2019-04-12 16:11:02,476 INFO 9180 [egg-security] use dta middleware
2019-04-12 16:11:02,476 INFO 9180 [egg-security] compose 6 middlewares into one security middleware
2019-04-12 16:11:02,487 INFO 9180 [egg:core] dump config after load, 5ms
2019-04-12 16:11:02,496 INFO 9180 [egg-watcher:application] watcher start success
2019-04-12 16:11:02,501 INFO 9180 [egg:core] dump config after ready, 4ms
2019-04-12 16:11:03,401 INFO 5528 [egg:logger] init all loggers with options: {"dir":"E:\\GitHub\\egg-2.x-\\logs\\egg-2.x-","encoding":"utf8","env":"local","level":"INFO","consoleLevel":"INFO","disableConsoleAfterReady":false,"outputJSON":false,"buffer":true,"appLogName":"egg-2.x--web.log","coreLogName":"egg-web.log","agentLogName":"egg-agent.log","errorLogName":"common-error.log","coreLogger":{"consoleLevel":"WARN"},"allowDebugAtProd":false,"type":"application"}
2019-04-12 16:11:03,430 INFO 5528 [egg-multipart] stream mode enable
2019-04-12 16:11:03,511 INFO 5528 [egg-static] starting static serve /public/ -> E:\GitHub\egg-2.x-\app\public
2019-04-12 16:11:03,513 INFO 5528 [egg-security] use methodnoallow middleware
2019-04-12 16:11:03,514 INFO 5528 [egg-security] use noopen middleware
2019-04-12 16:11:03,515 INFO 5528 [egg-security] use nosniff middleware
2019-04-12 16:11:03,515 INFO 5528 [egg-security] use xssProtection middleware
2019-04-12 16:11:03,516 INFO 5528 [egg-security] use xframe middleware
2019-04-12 16:11:03,516 INFO 5528 [egg-security] use dta middleware
2019-04-12 16:11:03,516 INFO 5528 [egg-security] compose 6 middlewares into one security middleware
2019-04-12 16:11:03,529 INFO 5528 [egg:core] dump config after load, 5ms
2019-04-12 16:11:03,540 INFO 5528 [egg-watcher:application] watcher start success
2019-04-12 16:11:03,546 INFO 5528 [egg:core] dump config after ready, 4ms
2019-04-12 16:11:12,802 INFO 5528 [egg-view-nunjucks] loading templates from ["E:\\GitHub\\egg-2.x-\\app\\view"]
